ARM GAS  C:\Users\MATEOC~1.QUE\AppData\Local\Temp\ccoDdfta.s 			page 1


   1              		.syntax unified
   2              		.cpu cortex-m3
   3              		.fpu softvfp
   4              		.eabi_attribute 20, 1
   5              		.eabi_attribute 21, 1
   6              		.eabi_attribute 23, 3
   7              		.eabi_attribute 24, 1
   8              		.eabi_attribute 25, 1
   9              		.eabi_attribute 26, 1
  10              		.eabi_attribute 30, 1
  11              		.eabi_attribute 34, 1
  12              		.eabi_attribute 18, 4
  13              		.thumb
  14              		.syntax unified
  15              		.file	"cymetadata.c"
  16              		.text
  17              	.Ltext0:
  18              		.cfi_sections	.debug_frame
  19              		.global	cy_metadata
  20              		.global	cy_meta_flashprotect
  21              		.global	cy_meta_wonvl
  22              		.global	cy_meta_custnvl
  23              		.global	cy_meta_configecc
  24              		.section	.cyconfigecc,"a",%progbits
  25              		.align	2
  26              		.type	cy_meta_configecc, %object
  27              		.size	cy_meta_configecc, 1176
  28              	cy_meta_configecc:
  29 0000 01       		.byte	1
  30 0001 45       		.byte	69
  31 0002 00       		.byte	0
  32 0003 40       		.byte	64
  33 0004 02       		.byte	2
  34 0005 52       		.byte	82
  35 0006 00       		.byte	0
  36 0007 40       		.byte	64
  37 0008 01       		.byte	1
  38 0009 5A       		.byte	90
  39 000a 00       		.byte	0
  40 000b 40       		.byte	64
  41 000c 03       		.byte	3
  42 000d 64       		.byte	100
  43 000e 00       		.byte	0
  44 000f 40       		.byte	64
  45 0010 02       		.byte	2
  46 0011 01       		.byte	1
  47 0012 01       		.byte	1
  48 0013 40       		.byte	64
  49 0014 01       		.byte	1
  50 0015 05       		.byte	5
  51 0016 01       		.byte	1
  52 0017 40       		.byte	64
  53 0018 04       		.byte	4
  54 0019 06       		.byte	6
  55 001a 01       		.byte	1
  56 001b 40       		.byte	64
  57 001c 01       		.byte	1
ARM GAS  C:\Users\MATEOC~1.QUE\AppData\Local\Temp\ccoDdfta.s 			page 2


  58 001d 07       		.byte	7
  59 001e 01       		.byte	1
  60 001f 40       		.byte	64
  61 0020 45       		.byte	69
  62 0021 0A       		.byte	10
  63 0022 01       		.byte	1
  64 0023 40       		.byte	64
  65 0024 45       		.byte	69
  66 0025 0B       		.byte	11
  67 0026 01       		.byte	1
  68 0027 40       		.byte	64
  69 0028 16       		.byte	22
  70 0029 0C       		.byte	12
  71 002a 01       		.byte	1
  72 002b 40       		.byte	64
  73 002c 43       		.byte	67
  74 002d 0D       		.byte	13
  75 002e 01       		.byte	1
  76 002f 40       		.byte	64
  77 0030 5B       		.byte	91
  78 0031 0E       		.byte	14
  79 0032 01       		.byte	1
  80 0033 40       		.byte	64
  81 0034 39       		.byte	57
  82 0035 0F       		.byte	15
  83 0036 01       		.byte	1
  84 0037 40       		.byte	64
  85 0038 02       		.byte	2
  86 0039 17       		.byte	23
  87 003a 01       		.byte	1
  88 003b 40       		.byte	64
  89 003c 02       		.byte	2
  90 003d 19       		.byte	25
  91 003e 01       		.byte	1
  92 003f 40       		.byte	64
  93 0040 07       		.byte	7
  94 0041 40       		.byte	64
  95 0042 01       		.byte	1
  96 0043 40       		.byte	64
  97 0044 03       		.byte	3
  98 0045 41       		.byte	65
  99 0046 01       		.byte	1
 100 0047 40       		.byte	64
 101 0048 04       		.byte	4
 102 0049 42       		.byte	66
 103 004a 01       		.byte	1
 104 004b 40       		.byte	64
 105 004c 04       		.byte	4
 106 004d 43       		.byte	67
 107 004e 01       		.byte	1
 108 004f 40       		.byte	64
 109 0050 06       		.byte	6
 110 0051 44       		.byte	68
 111 0052 01       		.byte	1
 112 0053 40       		.byte	64
 113 0054 07       		.byte	7
 114 0055 45       		.byte	69
ARM GAS  C:\Users\MATEOC~1.QUE\AppData\Local\Temp\ccoDdfta.s 			page 3


 115 0056 01       		.byte	1
 116 0057 40       		.byte	64
 117 0058 07       		.byte	7
 118 0059 46       		.byte	70
 119 005a 01       		.byte	1
 120 005b 40       		.byte	64
 121 005c 02       		.byte	2
 122 005d 47       		.byte	71
 123 005e 01       		.byte	1
 124 005f 40       		.byte	64
 125 0060 08       		.byte	8
 126 0061 48       		.byte	72
 127 0062 01       		.byte	1
 128 0063 40       		.byte	64
 129 0064 04       		.byte	4
 130 0065 4C       		.byte	76
 131 0066 01       		.byte	1
 132 0067 40       		.byte	64
 133 0068 03       		.byte	3
 134 0069 50       		.byte	80
 135 006a 01       		.byte	1
 136 006b 40       		.byte	64
 137 006c 02       		.byte	2
 138 006d 51       		.byte	81
 139 006e 01       		.byte	1
 140 006f 40       		.byte	64
 141 0070 17       		.byte	23
 142 0071 02       		.byte	2
 143 0072 11       		.byte	17
 144 0073 02       		.byte	2
 145 0074 14       		.byte	20
 146 0075 01       		.byte	1
 147 0076 87       		.byte	-121
 148 0077 01       		.byte	1
 149 0078 8A       		.byte	-118
 150 0079 72       		.byte	114
 151 007a 8E       		.byte	-114
 152 007b 38       		.byte	56
 153 007c 8F       		.byte	-113
 154 007d 0F       		.byte	15
 155 007e E0       		.byte	-32
 156 007f 40       		.byte	64
 157 0080 E2       		.byte	-30
 158 0081 20       		.byte	32
 159 0082 EA       		.byte	-22
 160 0083 02       		.byte	2
 161 0084 38       		.byte	56
 162 0085 08       		.byte	8
 163 0086 3E       		.byte	62
 164 0087 04       		.byte	4
 165 0088 58       		.byte	88
 166 0089 04       		.byte	4
 167 008a 5F       		.byte	95
 168 008b 01       		.byte	1
 169 008c 1E       		.byte	30
 170 008d 20       		.byte	32
 171 008e 00       		.byte	0
ARM GAS  C:\Users\MATEOC~1.QUE\AppData\Local\Temp\ccoDdfta.s 			page 4


 172 008f 09       		.byte	9
 173 0090 02       		.byte	2
 174 0091 04       		.byte	4
 175 0092 04       		.byte	4
 176 0093 1C       		.byte	28
 177 0094 05       		.byte	5
 178 0095 0C       		.byte	12
 179 0096 08       		.byte	8
 180 0097 03       		.byte	3
 181 0098 09       		.byte	9
 182 0099 0C       		.byte	12
 183 009a 0B       		.byte	11
 184 009b 12       		.byte	18
 185 009c 0C       		.byte	12
 186 009d 07       		.byte	7
 187 009e 0E       		.byte	14
 188 009f 18       		.byte	24
 189 00a0 0F       		.byte	15
 190 00a1 02       		.byte	2
 191 00a2 11       		.byte	17
 192 00a3 01       		.byte	1
 193 00a4 12       		.byte	18
 194 00a5 03       		.byte	3
 195 00a6 15       		.byte	21
 196 00a7 01       		.byte	1
 197 00a8 16       		.byte	22
 198 00a9 03       		.byte	3
 199 00aa 18       		.byte	24
 200 00ab 12       		.byte	18
 201 00ac 19       		.byte	25
 202 00ad 01       		.byte	1
 203 00ae 1A       		.byte	26
 204 00af 04       		.byte	4
 205 00b0 1D       		.byte	29
 206 00b1 08       		.byte	8
 207 00b2 1E       		.byte	30
 208 00b3 03       		.byte	3
 209 00b4 20       		.byte	32
 210 00b5 03       		.byte	3
 211 00b6 21       		.byte	33
 212 00b7 0C       		.byte	12
 213 00b8 23       		.byte	35
 214 00b9 12       		.byte	18
 215 00ba 25       		.byte	37
 216 00bb 04       		.byte	4
 217 00bc 26       		.byte	38
 218 00bd 20       		.byte	32
 219 00be 28       		.byte	40
 220 00bf 1C       		.byte	28
 221 00c0 29       		.byte	41
 222 00c1 1E       		.byte	30
 223 00c2 2D       		.byte	45
 224 00c3 12       		.byte	18
 225 00c4 2E       		.byte	46
 226 00c5 20       		.byte	32
 227 00c6 2F       		.byte	47
 228 00c7 0C       		.byte	12
ARM GAS  C:\Users\MATEOC~1.QUE\AppData\Local\Temp\ccoDdfta.s 			page 5


 229 00c8 30       		.byte	48
 230 00c9 03       		.byte	3
 231 00ca 31       		.byte	49
 232 00cb 01       		.byte	1
 233 00cc 33       		.byte	51
 234 00cd 0E       		.byte	14
 235 00ce 34       		.byte	52
 236 00cf 20       		.byte	32
 237 00d0 35       		.byte	53
 238 00d1 10       		.byte	16
 239 00d2 36       		.byte	54
 240 00d3 1C       		.byte	28
 241 00d4 39       		.byte	57
 242 00d5 20       		.byte	32
 243 00d6 3B       		.byte	59
 244 00d7 08       		.byte	8
 245 00d8 3E       		.byte	62
 246 00d9 10       		.byte	16
 247 00da 56       		.byte	86
 248 00db 02       		.byte	2
 249 00dc 57       		.byte	87
 250 00dd 12       		.byte	18
 251 00de 58       		.byte	88
 252 00df 04       		.byte	4
 253 00e0 59       		.byte	89
 254 00e1 04       		.byte	4
 255 00e2 5B       		.byte	91
 256 00e3 04       		.byte	4
 257 00e4 5C       		.byte	92
 258 00e5 11       		.byte	17
 259 00e6 5D       		.byte	93
 260 00e7 10       		.byte	16
 261 00e8 5F       		.byte	95
 262 00e9 01       		.byte	1
 263 00ea 86       		.byte	-122
 264 00eb 01       		.byte	1
 265 00ec 87       		.byte	-121
 266 00ed 08       		.byte	8
 267 00ee 88       		.byte	-120
 268 00ef 01       		.byte	1
 269 00f0 8C       		.byte	-116
 270 00f1 01       		.byte	1
 271 00f2 95       		.byte	-107
 272 00f3 03       		.byte	3
 273 00f4 96       		.byte	-106
 274 00f5 01       		.byte	1
 275 00f6 97       		.byte	-105
 276 00f7 04       		.byte	4
 277 00f8 9B       		.byte	-101
 278 00f9 05       		.byte	5
 279 00fa 9D       		.byte	-99
 280 00fb 03       		.byte	3
 281 00fc 9F       		.byte	-97
 282 00fd 0C       		.byte	12
 283 00fe A5       		.byte	-91
 284 00ff 0A       		.byte	10
 285 0100 A7       		.byte	-89
ARM GAS  C:\Users\MATEOC~1.QUE\AppData\Local\Temp\ccoDdfta.s 			page 6


 286 0101 04       		.byte	4
 287 0102 A9       		.byte	-87
 288 0103 03       		.byte	3
 289 0104 AA       		.byte	-86
 290 0105 01       		.byte	1
 291 0106 AB       		.byte	-85
 292 0107 04       		.byte	4
 293 0108 B0       		.byte	-80
 294 0109 01       		.byte	1
 295 010a B1       		.byte	-79
 296 010b 0F       		.byte	15
 297 010c BB       		.byte	-69
 298 010d 02       		.byte	2
 299 010e BE       		.byte	-66
 300 010f 01       		.byte	1
 301 0110 D8       		.byte	-40
 302 0111 04       		.byte	4
 303 0112 D9       		.byte	-39
 304 0113 04       		.byte	4
 305 0114 DC       		.byte	-36
 306 0115 10       		.byte	16
 307 0116 DF       		.byte	-33
 308 0117 01       		.byte	1
 309 0118 00       		.byte	0
 310 0119 10       		.byte	16
 311 011a 01       		.byte	1
 312 011b A2       		.byte	-94
 313 011c 03       		.byte	3
 314 011d 10       		.byte	16
 315 011e 04       		.byte	4
 316 011f A0       		.byte	-96
 317 0120 05       		.byte	5
 318 0121 0C       		.byte	12
 319 0122 07       		.byte	7
 320 0123 08       		.byte	8
 321 0124 08       		.byte	8
 322 0125 40       		.byte	64
 323 0126 0A       		.byte	10
 324 0127 02       		.byte	2
 325 0128 0B       		.byte	11
 326 0129 54       		.byte	84
 327 012a 0C       		.byte	12
 328 012b 04       		.byte	4
 329 012c 0F       		.byte	15
 330 012d 20       		.byte	32
 331 012e 11       		.byte	17
 332 012f 10       		.byte	16
 333 0130 12       		.byte	18
 334 0131 61       		.byte	97
 335 0132 13       		.byte	19
 336 0133 02       		.byte	2
 337 0134 16       		.byte	22
 338 0135 04       		.byte	4
 339 0136 17       		.byte	23
 340 0137 20       		.byte	32
 341 0138 18       		.byte	24
 342 0139 04       		.byte	4
ARM GAS  C:\Users\MATEOC~1.QUE\AppData\Local\Temp\ccoDdfta.s 			page 7


 343 013a 19       		.byte	25
 344 013b 81       		.byte	-127
 345 013c 1E       		.byte	30
 346 013d 40       		.byte	64
 347 013e 20       		.byte	32
 348 013f 40       		.byte	64
 349 0140 22       		.byte	34
 350 0141 28       		.byte	40
 351 0142 23       		.byte	35
 352 0143 50       		.byte	80
 353 0144 24       		.byte	36
 354 0145 80       		.byte	-128
 355 0146 27       		.byte	39
 356 0147 40       		.byte	64
 357 0148 28       		.byte	40
 358 0149 40       		.byte	64
 359 014a 29       		.byte	41
 360 014b 20       		.byte	32
 361 014c 2A       		.byte	42
 362 014d 48       		.byte	72
 363 014e 2C       		.byte	44
 364 014f 04       		.byte	4
 365 0150 2D       		.byte	45
 366 0151 08       		.byte	8
 367 0152 30       		.byte	48
 368 0153 80       		.byte	-128
 369 0154 33       		.byte	51
 370 0155 15       		.byte	21
 371 0156 37       		.byte	55
 372 0157 68       		.byte	104
 373 0158 38       		.byte	56
 374 0159 48       		.byte	72
 375 015a 3B       		.byte	59
 376 015b 10       		.byte	16
 377 015c 3E       		.byte	62
 378 015d 04       		.byte	4
 379 015e 5A       		.byte	90
 380 015f 08       		.byte	8
 381 0160 69       		.byte	105
 382 0161 10       		.byte	16
 383 0162 6B       		.byte	107
 384 0163 15       		.byte	21
 385 0164 70       		.byte	112
 386 0165 84       		.byte	-124
 387 0166 71       		.byte	113
 388 0167 08       		.byte	8
 389 0168 72       		.byte	114
 390 0169 08       		.byte	8
 391 016a 90       		.byte	-112
 392 016b 30       		.byte	48
 393 016c 92       		.byte	-110
 394 016d 0E       		.byte	14
 395 016e 93       		.byte	-109
 396 016f 04       		.byte	4
 397 0170 94       		.byte	-108
 398 0171 C4       		.byte	-60
 399 0172 96       		.byte	-106
ARM GAS  C:\Users\MATEOC~1.QUE\AppData\Local\Temp\ccoDdfta.s 			page 8


 400 0173 40       		.byte	64
 401 0174 99       		.byte	-103
 402 0175 06       		.byte	6
 403 0176 9A       		.byte	-102
 404 0177 05       		.byte	5
 405 0178 9B       		.byte	-101
 406 0179 02       		.byte	2
 407 017a 9D       		.byte	-99
 408 017b 81       		.byte	-127
 409 017c 9E       		.byte	-98
 410 017d 08       		.byte	8
 411 017e 9F       		.byte	-97
 412 017f 14       		.byte	20
 413 0180 A3       		.byte	-93
 414 0181 10       		.byte	16
 415 0182 A4       		.byte	-92
 416 0183 80       		.byte	-128
 417 0184 A5       		.byte	-91
 418 0185 08       		.byte	8
 419 0186 A6       		.byte	-90
 420 0187 08       		.byte	8
 421 0188 AB       		.byte	-85
 422 0189 80       		.byte	-128
 423 018a B2       		.byte	-78
 424 018b 02       		.byte	2
 425 018c B3       		.byte	-77
 426 018d 04       		.byte	4
 427 018e B5       		.byte	-75
 428 018f 02       		.byte	2
 429 0190 C0       		.byte	-64
 430 0191 EF       		.byte	-17
 431 0192 C2       		.byte	-62
 432 0193 2F       		.byte	47
 433 0194 C4       		.byte	-60
 434 0195 4F       		.byte	79
 435 0196 CA       		.byte	-54
 436 0197 6F       		.byte	111
 437 0198 CC       		.byte	-52
 438 0199 7F       		.byte	127
 439 019a CE       		.byte	-50
 440 019b 4E       		.byte	78
 441 019c D6       		.byte	-42
 442 019d 02       		.byte	2
 443 019e EA       		.byte	-22
 444 019f 02       		.byte	2
 445 01a0 EC       		.byte	-20
 446 01a1 04       		.byte	4
 447 01a2 06       		.byte	6
 448 01a3 01       		.byte	1
 449 01a4 08       		.byte	8
 450 01a5 01       		.byte	1
 451 01a6 0B       		.byte	11
 452 01a7 01       		.byte	1
 453 01a8 0C       		.byte	12
 454 01a9 01       		.byte	1
 455 01aa 14       		.byte	20
 456 01ab 04       		.byte	4
ARM GAS  C:\Users\MATEOC~1.QUE\AppData\Local\Temp\ccoDdfta.s 			page 9


 457 01ac 15       		.byte	21
 458 01ad 06       		.byte	6
 459 01ae 17       		.byte	23
 460 01af 01       		.byte	1
 461 01b0 1B       		.byte	27
 462 01b1 03       		.byte	3
 463 01b2 27       		.byte	39
 464 01b3 06       		.byte	6
 465 01b4 28       		.byte	40
 466 01b5 02       		.byte	2
 467 01b6 2B       		.byte	43
 468 01b7 02       		.byte	2
 469 01b8 2F       		.byte	47
 470 01b9 05       		.byte	5
 471 01ba 33       		.byte	51
 472 01bb 07       		.byte	7
 473 01bc 34       		.byte	52
 474 01bd 03       		.byte	3
 475 01be 36       		.byte	54
 476 01bf 04       		.byte	4
 477 01c0 38       		.byte	56
 478 01c1 20       		.byte	32
 479 01c2 3B       		.byte	59
 480 01c3 08       		.byte	8
 481 01c4 3E       		.byte	62
 482 01c5 40       		.byte	64
 483 01c6 58       		.byte	88
 484 01c7 04       		.byte	4
 485 01c8 59       		.byte	89
 486 01c9 04       		.byte	4
 487 01ca 5C       		.byte	92
 488 01cb 11       		.byte	17
 489 01cc 5F       		.byte	95
 490 01cd 01       		.byte	1
 491 01ce 00       		.byte	0
 492 01cf 18       		.byte	24
 493 01d0 01       		.byte	1
 494 01d1 8A       		.byte	-118
 495 01d2 04       		.byte	4
 496 01d3 A0       		.byte	-96
 497 01d4 05       		.byte	5
 498 01d5 04       		.byte	4
 499 01d6 09       		.byte	9
 500 01d7 0A       		.byte	10
 501 01d8 0A       		.byte	10
 502 01d9 02       		.byte	2
 503 01da 0E       		.byte	14
 504 01db 20       		.byte	32
 505 01dc 10       		.byte	16
 506 01dd 94       		.byte	-108
 507 01de 12       		.byte	18
 508 01df 0A       		.byte	10
 509 01e0 15       		.byte	21
 510 01e1 10       		.byte	16
 511 01e2 16       		.byte	22
 512 01e3 04       		.byte	4
 513 01e4 18       		.byte	24
ARM GAS  C:\Users\MATEOC~1.QUE\AppData\Local\Temp\ccoDdfta.s 			page 10


 514 01e5 01       		.byte	1
 515 01e6 19       		.byte	25
 516 01e7 08       		.byte	8
 517 01e8 1A       		.byte	26
 518 01e9 08       		.byte	8
 519 01ea 1E       		.byte	30
 520 01eb 04       		.byte	4
 521 01ec 1F       		.byte	31
 522 01ed A0       		.byte	-96
 523 01ee 20       		.byte	32
 524 01ef 10       		.byte	16
 525 01f0 21       		.byte	33
 526 01f1 10       		.byte	16
 527 01f2 22       		.byte	34
 528 01f3 21       		.byte	33
 529 01f4 23       		.byte	35
 530 01f5 40       		.byte	64
 531 01f6 24       		.byte	36
 532 01f7 20       		.byte	32
 533 01f8 27       		.byte	39
 534 01f9 20       		.byte	32
 535 01fa 28       		.byte	40
 536 01fb 14       		.byte	20
 537 01fc 29       		.byte	41
 538 01fd 02       		.byte	2
 539 01fe 2A       		.byte	42
 540 01ff 08       		.byte	8
 541 0200 2D       		.byte	45
 542 0201 40       		.byte	64
 543 0202 2F       		.byte	47
 544 0203 24       		.byte	36
 545 0204 30       		.byte	48
 546 0205 80       		.byte	-128
 547 0206 31       		.byte	49
 548 0207 0A       		.byte	10
 549 0208 32       		.byte	50
 550 0209 10       		.byte	16
 551 020a 35       		.byte	53
 552 020b 04       		.byte	4
 553 020c 37       		.byte	55
 554 020d 20       		.byte	32
 555 020e 38       		.byte	56
 556 020f 10       		.byte	16
 557 0210 39       		.byte	57
 558 0211 02       		.byte	2
 559 0212 3B       		.byte	59
 560 0213 40       		.byte	64
 561 0214 3D       		.byte	61
 562 0215 10       		.byte	16
 563 0216 40       		.byte	64
 564 0217 51       		.byte	81
 565 0218 41       		.byte	65
 566 0219 12       		.byte	18
 567 021a 48       		.byte	72
 568 021b 44       		.byte	68
 569 021c 52       		.byte	82
 570 021d 01       		.byte	1
ARM GAS  C:\Users\MATEOC~1.QUE\AppData\Local\Temp\ccoDdfta.s 			page 11


 571 021e 88       		.byte	-120
 572 021f 04       		.byte	4
 573 0220 89       		.byte	-119
 574 0221 01       		.byte	1
 575 0222 8B       		.byte	-117
 576 0223 02       		.byte	2
 577 0224 91       		.byte	-111
 578 0225 40       		.byte	64
 579 0226 92       		.byte	-110
 580 0227 20       		.byte	32
 581 0228 93       		.byte	-109
 582 0229 08       		.byte	8
 583 022a 94       		.byte	-108
 584 022b A4       		.byte	-92
 585 022c 96       		.byte	-106
 586 022d 40       		.byte	64
 587 022e 99       		.byte	-103
 588 022f 04       		.byte	4
 589 0230 9A       		.byte	-102
 590 0231 04       		.byte	4
 591 0232 9D       		.byte	-99
 592 0233 03       		.byte	3
 593 0234 9F       		.byte	-97
 594 0235 14       		.byte	20
 595 0236 A2       		.byte	-94
 596 0237 12       		.byte	18
 597 0238 A3       		.byte	-93
 598 0239 10       		.byte	16
 599 023a A4       		.byte	-92
 600 023b 40       		.byte	64
 601 023c A6       		.byte	-90
 602 023d 20       		.byte	32
 603 023e A7       		.byte	-89
 604 023f 20       		.byte	32
 605 0240 B2       		.byte	-78
 606 0241 02       		.byte	2
 607 0242 B3       		.byte	-77
 608 0243 04       		.byte	4
 609 0244 C0       		.byte	-64
 610 0245 EF       		.byte	-17
 611 0246 C2       		.byte	-62
 612 0247 2D       		.byte	45
 613 0248 C4       		.byte	-60
 614 0249 4F       		.byte	79
 615 024a CA       		.byte	-54
 616 024b 77       		.byte	119
 617 024c CC       		.byte	-52
 618 024d 6F       		.byte	111
 619 024e CE       		.byte	-50
 620 024f 2D       		.byte	45
 621 0250 D0       		.byte	-48
 622 0251 0F       		.byte	15
 623 0252 D2       		.byte	-46
 624 0253 04       		.byte	4
 625 0254 06       		.byte	6
 626 0255 01       		.byte	1
 627 0256 07       		.byte	7
ARM GAS  C:\Users\MATEOC~1.QUE\AppData\Local\Temp\ccoDdfta.s 			page 12


 628 0257 02       		.byte	2
 629 0258 09       		.byte	9
 630 0259 06       		.byte	6
 631 025a 0D       		.byte	13
 632 025b 06       		.byte	6
 633 025c 0E       		.byte	14
 634 025d 01       		.byte	1
 635 025e 11       		.byte	17
 636 025f 10       		.byte	16
 637 0260 13       		.byte	19
 638 0261 08       		.byte	8
 639 0262 15       		.byte	21
 640 0263 18       		.byte	24
 641 0264 19       		.byte	25
 642 0265 18       		.byte	24
 643 0266 21       		.byte	33
 644 0267 08       		.byte	8
 645 0268 23       		.byte	35
 646 0269 11       		.byte	17
 647 026a 25       		.byte	37
 648 026b 04       		.byte	4
 649 026c 30       		.byte	48
 650 026d 01       		.byte	1
 651 026e 31       		.byte	49
 652 026f 18       		.byte	24
 653 0270 33       		.byte	51
 654 0271 06       		.byte	6
 655 0272 35       		.byte	53
 656 0273 01       		.byte	1
 657 0274 39       		.byte	57
 658 0275 08       		.byte	8
 659 0276 3E       		.byte	62
 660 0277 01       		.byte	1
 661 0278 3F       		.byte	63
 662 0279 04       		.byte	4
 663 027a 40       		.byte	64
 664 027b 03       		.byte	3
 665 027c 45       		.byte	69
 666 027d 04       		.byte	4
 667 027e 49       		.byte	73
 668 027f FF       		.byte	-1
 669 0280 4A       		.byte	74
 670 0281 07       		.byte	7
 671 0282 4B       		.byte	75
 672 0283 FF       		.byte	-1
 673 0284 4C       		.byte	76
 674 0285 40       		.byte	64
 675 0286 4D       		.byte	77
 676 0287 20       		.byte	32
 677 0288 4E       		.byte	78
 678 0289 F0       		.byte	-16
 679 028a 4F       		.byte	79
 680 028b 05       		.byte	5
 681 028c 50       		.byte	80
 682 028d 08       		.byte	8
 683 028e 54       		.byte	84
 684 028f 18       		.byte	24
ARM GAS  C:\Users\MATEOC~1.QUE\AppData\Local\Temp\ccoDdfta.s 			page 13


 685 0290 56       		.byte	86
 686 0291 04       		.byte	4
 687 0292 58       		.byte	88
 688 0293 04       		.byte	4
 689 0294 59       		.byte	89
 690 0295 04       		.byte	4
 691 0296 5A       		.byte	90
 692 0297 04       		.byte	4
 693 0298 5B       		.byte	91
 694 0299 04       		.byte	4
 695 029a 5C       		.byte	92
 696 029b 10       		.byte	16
 697 029c 5D       		.byte	93
 698 029d 11       		.byte	17
 699 029e 5F       		.byte	95
 700 029f 01       		.byte	1
 701 02a0 60       		.byte	96
 702 02a1 40       		.byte	64
 703 02a2 61       		.byte	97
 704 02a3 A8       		.byte	-88
 705 02a4 62       		.byte	98
 706 02a5 40       		.byte	64
 707 02a6 63       		.byte	99
 708 02a7 20       		.byte	32
 709 02a8 80       		.byte	-128
 710 02a9 02       		.byte	2
 711 02aa 82       		.byte	-126
 712 02ab 0C       		.byte	12
 713 02ac 84       		.byte	-124
 714 02ad 18       		.byte	24
 715 02ae 85       		.byte	-123
 716 02af 14       		.byte	20
 717 02b0 86       		.byte	-122
 718 02b1 06       		.byte	6
 719 02b2 88       		.byte	-120
 720 02b3 02       		.byte	2
 721 02b4 89       		.byte	-119
 722 02b5 0C       		.byte	12
 723 02b6 8A       		.byte	-118
 724 02b7 1C       		.byte	28
 725 02b8 8B       		.byte	-117
 726 02b9 11       		.byte	17
 727 02ba 95       		.byte	-107
 728 02bb 1C       		.byte	28
 729 02bc 97       		.byte	-105
 730 02bd 02       		.byte	2
 731 02be 9B       		.byte	-101
 732 02bf 03       		.byte	3
 733 02c0 9C       		.byte	-100
 734 02c1 01       		.byte	1
 735 02c2 A5       		.byte	-91
 736 02c3 09       		.byte	9
 737 02c4 A6       		.byte	-90
 738 02c5 18       		.byte	24
 739 02c6 A7       		.byte	-89
 740 02c7 10       		.byte	16
 741 02c8 A9       		.byte	-87
ARM GAS  C:\Users\MATEOC~1.QUE\AppData\Local\Temp\ccoDdfta.s 			page 14


 742 02c9 10       		.byte	16
 743 02ca AA       		.byte	-86
 744 02cb 06       		.byte	6
 745 02cc AD       		.byte	-83
 746 02cd 10       		.byte	16
 747 02ce AE       		.byte	-82
 748 02cf 10       		.byte	16
 749 02d0 AF       		.byte	-81
 750 02d1 0C       		.byte	12
 751 02d2 B2       		.byte	-78
 752 02d3 1E       		.byte	30
 753 02d4 B3       		.byte	-77
 754 02d5 1F       		.byte	31
 755 02d6 B4       		.byte	-76
 756 02d7 01       		.byte	1
 757 02d8 BA       		.byte	-70
 758 02d9 08       		.byte	8
 759 02da BE       		.byte	-66
 760 02db 10       		.byte	16
 761 02dc C0       		.byte	-64
 762 02dd 46       		.byte	70
 763 02de C1       		.byte	-63
 764 02df 03       		.byte	3
 765 02e0 C5       		.byte	-59
 766 02e1 E0       		.byte	-32
 767 02e2 C6       		.byte	-58
 768 02e3 C0       		.byte	-64
 769 02e4 C7       		.byte	-57
 770 02e5 0B       		.byte	11
 771 02e6 C8       		.byte	-56
 772 02e7 1A       		.byte	26
 773 02e8 C9       		.byte	-55
 774 02e9 FF       		.byte	-1
 775 02ea CA       		.byte	-54
 776 02eb FF       		.byte	-1
 777 02ec CB       		.byte	-53
 778 02ed FF       		.byte	-1
 779 02ee CE       		.byte	-50
 780 02ef F0       		.byte	-16
 781 02f0 CF       		.byte	-49
 782 02f1 44       		.byte	68
 783 02f2 D0       		.byte	-48
 784 02f3 0C       		.byte	12
 785 02f4 D4       		.byte	-44
 786 02f5 01       		.byte	1
 787 02f6 D8       		.byte	-40
 788 02f7 04       		.byte	4
 789 02f8 D9       		.byte	-39
 790 02f9 04       		.byte	4
 791 02fa DA       		.byte	-38
 792 02fb 04       		.byte	4
 793 02fc DB       		.byte	-37
 794 02fd 04       		.byte	4
 795 02fe DC       		.byte	-36
 796 02ff 11       		.byte	17
 797 0300 DD       		.byte	-35
 798 0301 11       		.byte	17
ARM GAS  C:\Users\MATEOC~1.QUE\AppData\Local\Temp\ccoDdfta.s 			page 15


 799 0302 DF       		.byte	-33
 800 0303 01       		.byte	1
 801 0304 E6       		.byte	-26
 802 0305 C0       		.byte	-64
 803 0306 EA       		.byte	-22
 804 0307 40       		.byte	64
 805 0308 EB       		.byte	-21
 806 0309 02       		.byte	2
 807 030a 00       		.byte	0
 808 030b 80       		.byte	-128
 809 030c 02       		.byte	2
 810 030d 20       		.byte	32
 811 030e 04       		.byte	4
 812 030f 20       		.byte	32
 813 0310 05       		.byte	5
 814 0311 04       		.byte	4
 815 0312 06       		.byte	6
 816 0313 40       		.byte	64
 817 0314 0C       		.byte	12
 818 0315 80       		.byte	-128
 819 0316 0E       		.byte	14
 820 0317 10       		.byte	16
 821 0318 0F       		.byte	15
 822 0319 20       		.byte	32
 823 031a 14       		.byte	20
 824 031b 10       		.byte	16
 825 031c 16       		.byte	22
 826 031d 06       		.byte	6
 827 031e 1B       		.byte	27
 828 031f 01       		.byte	1
 829 0320 1D       		.byte	29
 830 0321 04       		.byte	4
 831 0322 1E       		.byte	30
 832 0323 08       		.byte	8
 833 0324 20       		.byte	32
 834 0325 10       		.byte	16
 835 0326 22       		.byte	34
 836 0327 12       		.byte	18
 837 0328 27       		.byte	39
 838 0329 20       		.byte	32
 839 032a 29       		.byte	41
 840 032b 06       		.byte	6
 841 032c 2C       		.byte	44
 842 032d 10       		.byte	16
 843 032e 2D       		.byte	45
 844 032f 40       		.byte	64
 845 0330 2F       		.byte	47
 846 0331 24       		.byte	36
 847 0332 32       		.byte	50
 848 0333 02       		.byte	2
 849 0334 33       		.byte	51
 850 0335 14       		.byte	20
 851 0336 35       		.byte	53
 852 0337 04       		.byte	4
 853 0338 36       		.byte	54
 854 0339 10       		.byte	16
 855 033a 37       		.byte	55
ARM GAS  C:\Users\MATEOC~1.QUE\AppData\Local\Temp\ccoDdfta.s 			page 16


 856 033b 20       		.byte	32
 857 033c 38       		.byte	56
 858 033d A8       		.byte	-88
 859 033e 39       		.byte	57
 860 033f 40       		.byte	64
 861 0340 3A       		.byte	58
 862 0341 70       		.byte	112
 863 0342 3D       		.byte	61
 864 0343 08       		.byte	8
 865 0344 3E       		.byte	62
 866 0345 20       		.byte	32
 867 0346 40       		.byte	64
 868 0347 10       		.byte	16
 869 0348 46       		.byte	70
 870 0349 50       		.byte	80
 871 034a 4B       		.byte	75
 872 034b 08       		.byte	8
 873 034c 4C       		.byte	76
 874 034d 84       		.byte	-124
 875 034e 4D       		.byte	77
 876 034f 01       		.byte	1
 877 0350 50       		.byte	80
 878 0351 04       		.byte	4
 879 0352 52       		.byte	82
 880 0353 04       		.byte	4
 881 0354 55       		.byte	85
 882 0355 04       		.byte	4
 883 0356 57       		.byte	87
 884 0357 10       		.byte	16
 885 0358 59       		.byte	89
 886 0359 01       		.byte	1
 887 035a 5D       		.byte	93
 888 035b 01       		.byte	1
 889 035c 5E       		.byte	94
 890 035d 58       		.byte	88
 891 035e 60       		.byte	96
 892 035f 04       		.byte	4
 893 0360 63       		.byte	99
 894 0361 42       		.byte	66
 895 0362 8B       		.byte	-117
 896 0363 40       		.byte	64
 897 0364 C0       		.byte	-64
 898 0365 75       		.byte	117
 899 0366 C2       		.byte	-62
 900 0367 80       		.byte	-128
 901 0368 C4       		.byte	-60
 902 0369 E0       		.byte	-32
 903 036a CA       		.byte	-54
 904 036b 73       		.byte	115
 905 036c CC       		.byte	-52
 906 036d 67       		.byte	103
 907 036e CE       		.byte	-50
 908 036f 6E       		.byte	110
 909 0370 D0       		.byte	-48
 910 0371 C2       		.byte	-62
 911 0372 D2       		.byte	-46
 912 0373 20       		.byte	32
ARM GAS  C:\Users\MATEOC~1.QUE\AppData\Local\Temp\ccoDdfta.s 			page 17


 913 0374 D6       		.byte	-42
 914 0375 F1       		.byte	-15
 915 0376 D8       		.byte	-40
 916 0377 0D       		.byte	13
 917 0378 E0       		.byte	-32
 918 0379 40       		.byte	64
 919 037a E2       		.byte	-30
 920 037b 20       		.byte	32
 921 037c B2       		.byte	-78
 922 037d 10       		.byte	16
 923 037e EC       		.byte	-20
 924 037f 10       		.byte	16
 925 0380 E8       		.byte	-24
 926 0381 80       		.byte	-128
 927 0382 EC       		.byte	-20
 928 0383 10       		.byte	16
 929 0384 33       		.byte	51
 930 0385 88       		.byte	-120
 931 0386 37       		.byte	55
 932 0387 20       		.byte	32
 933 0388 3C       		.byte	60
 934 0389 40       		.byte	64
 935 038a 8B       		.byte	-117
 936 038b 08       		.byte	8
 937 038c 8C       		.byte	-116
 938 038d 40       		.byte	64
 939 038e CC       		.byte	-52
 940 038f 70       		.byte	112
 941 0390 CE       		.byte	-50
 942 0391 20       		.byte	32
 943 0392 94       		.byte	-108
 944 0393 40       		.byte	64
 945 0394 9F       		.byte	-97
 946 0395 20       		.byte	32
 947 0396 A7       		.byte	-89
 948 0397 80       		.byte	-128
 949 0398 94       		.byte	-108
 950 0399 40       		.byte	64
 951 039a A7       		.byte	-89
 952 039b 80       		.byte	-128
 953 039c AF       		.byte	-81
 954 039d 20       		.byte	32
 955 039e EA       		.byte	-22
 956 039f 40       		.byte	64
 957 03a0 11       		.byte	17
 958 03a1 40       		.byte	64
 959 03a2 94       		.byte	-108
 960 03a3 40       		.byte	64
 961 03a4 A7       		.byte	-89
 962 03a5 80       		.byte	-128
 963 03a6 C4       		.byte	-60
 964 03a7 40       		.byte	64
 965 03a8 33       		.byte	51
 966 03a9 80       		.byte	-128
 967 03aa 7C       		.byte	124
 968 03ab 20       		.byte	32
 969 03ac 8F       		.byte	-113
ARM GAS  C:\Users\MATEOC~1.QUE\AppData\Local\Temp\ccoDdfta.s 			page 18


 970 03ad 80       		.byte	-128
 971 03ae CC       		.byte	-52
 972 03af 08       		.byte	8
 973 03b0 DE       		.byte	-34
 974 03b1 01       		.byte	1
 975 03b2 E0       		.byte	-32
 976 03b3 02       		.byte	2
 977 03b4 01       		.byte	1
 978 03b5 08       		.byte	8
 979 03b6 13       		.byte	19
 980 03b7 80       		.byte	-128
 981 03b8 53       		.byte	83
 982 03b9 01       		.byte	1
 983 03ba 9C       		.byte	-100
 984 03bb 20       		.byte	32
 985 03bc C0       		.byte	-64
 986 03bd 08       		.byte	8
 987 03be C4       		.byte	-60
 988 03bf 02       		.byte	2
 989 03c0 D4       		.byte	-44
 990 03c1 01       		.byte	1
 991 03c2 45       		.byte	69
 992 03c3 02       		.byte	2
 993 03c4 9C       		.byte	-100
 994 03c5 20       		.byte	32
 995 03c6 AB       		.byte	-85
 996 03c7 01       		.byte	1
 997 03c8 AF       		.byte	-81
 998 03c9 80       		.byte	-128
 999 03ca B5       		.byte	-75
 1000 03cb 08       		.byte	8
 1001 03cc D0       		.byte	-48
 1002 03cd 01       		.byte	1
 1003 03ce EA       		.byte	-22
 1004 03cf 02       		.byte	2
 1005 03d0 9C       		.byte	-100
 1006 03d1 20       		.byte	32
 1007 03d2 A5       		.byte	-91
 1008 03d3 02       		.byte	2
 1009 03d4 24       		.byte	36
 1010 03d5 40       		.byte	64
 1011 03d6 27       		.byte	39
 1012 03d7 04       		.byte	4
 1013 03d8 94       		.byte	-108
 1014 03d9 40       		.byte	64
 1015 03da 9F       		.byte	-97
 1016 03db 04       		.byte	4
 1017 03dc A9       		.byte	-87
 1018 03dd 40       		.byte	64
 1019 03de AB       		.byte	-85
 1020 03df 80       		.byte	-128
 1021 03e0 B7       		.byte	-73
 1022 03e1 04       		.byte	4
 1023 03e2 C8       		.byte	-56
 1024 03e3 A0       		.byte	-96
 1025 03e4 B0       		.byte	-80
 1026 03e5 20       		.byte	32
ARM GAS  C:\Users\MATEOC~1.QUE\AppData\Local\Temp\ccoDdfta.s 			page 19


 1027 03e6 B5       		.byte	-75
 1028 03e7 02       		.byte	2
 1029 03e8 E8       		.byte	-24
 1030 03e9 01       		.byte	1
 1031 03ea EC       		.byte	-20
 1032 03eb 08       		.byte	8
 1033 03ec 00       		.byte	0
 1034 03ed 02       		.byte	2
 1035 03ee 0C       		.byte	12
 1036 03ef 02       		.byte	2
 1037 03f0 0E       		.byte	14
 1038 03f1 02       		.byte	2
 1039 03f2 00       		.byte	0
 1040 03f3 3E       		.byte	62
 1041 03f4 10       		.byte	16
 1042 03f5 02       		.byte	2
 1043 03f6 00       		.byte	0
 1044 03f7 00       		.byte	0
 1045 03f8 01       		.byte	1
 1046 03f9 39       		.byte	57
 1047 03fa 40       		.byte	64
 1048 03fb 06       		.byte	6
 1049 03fc 13       		.byte	19
 1050 03fd 00       		.byte	0
 1051 03fe 0C       		.byte	12
 1052 03ff 00       		.byte	0
 1053 0400 1F       		.byte	31
 1054 0401 3F       		.byte	63
 1055 0402 00       		.byte	0
 1056 0403 00       		.byte	0
 1057 0404 03       		.byte	3
 1058 0405 27       		.byte	39
 1059 0406 20       		.byte	32
 1060 0407 10       		.byte	16
 1061 0408 00       		.byte	0
 1062 0409 00       		.byte	0
 1063 040a 03       		.byte	3
 1064 040b 19       		.byte	25
 1065 040c 0C       		.byte	12
 1066 040d 06       		.byte	6
 1067 040e 00       		.byte	0
 1068 040f 00       		.byte	0
 1069 0410 00       		.byte	0
 1070 0411 00       		.byte	0
 1071 0412 00       		.byte	0
 1072 0413 20       		.byte	32
 1073 0414 1C       		.byte	28
 1074 0415 04       		.byte	4
 1075 0416 03       		.byte	3
 1076 0417 00       		.byte	0
 1077 0418 08       		.byte	8
 1078 0419 20       		.byte	32
 1079 041a 00       		.byte	0
 1080 041b 00       		.byte	0
 1081 041c 04       		.byte	4
 1082 041d 02       		.byte	2
 1083 041e 00       		.byte	0
ARM GAS  C:\Users\MATEOC~1.QUE\AppData\Local\Temp\ccoDdfta.s 			page 20


 1084 041f 00       		.byte	0
 1085 0420 1F       		.byte	31
 1086 0421 26       		.byte	38
 1087 0422 00       		.byte	0
 1088 0423 09       		.byte	9
 1089 0424 02       		.byte	2
 1090 0425 00       		.byte	0
 1091 0426 40       		.byte	64
 1092 0427 00       		.byte	0
 1093 0428 00       		.byte	0
 1094 0429 3E       		.byte	62
 1095 042a 0F       		.byte	15
 1096 042b 00       		.byte	0
 1097 042c 10       		.byte	16
 1098 042d 07       		.byte	7
 1099 042e 60       		.byte	96
 1100 042f 00       		.byte	0
 1101 0430 00       		.byte	0
 1102 0431 00       		.byte	0
 1103 0432 08       		.byte	8
 1104 0433 0A       		.byte	10
 1105 0434 00       		.byte	0
 1106 0435 00       		.byte	0
 1107 0436 50       		.byte	80
 1108 0437 00       		.byte	0
 1109 0438 64       		.byte	100
 1110 0439 03       		.byte	3
 1111 043a 02       		.byte	2
 1112 043b 00       		.byte	0
 1113 043c 01       		.byte	1
 1114 043d C0       		.byte	-64
 1115 043e 00       		.byte	0
 1116 043f E0       		.byte	-32
 1117 0440 22       		.byte	34
 1118 0441 FF       		.byte	-1
 1119 0442 FF       		.byte	-1
 1120 0443 FF       		.byte	-1
 1121 0444 62       		.byte	98
 1122 0445 A0       		.byte	-96
 1123 0446 F0       		.byte	-16
 1124 0447 41       		.byte	65
 1125 0448 0C       		.byte	12
 1126 0449 00       		.byte	0
 1127 044a 00       		.byte	0
 1128 044b 00       		.byte	0
 1129 044c 00       		.byte	0
 1130 044d 00       		.byte	0
 1131 044e 00       		.byte	0
 1132 044f 00       		.byte	0
 1133 0450 04       		.byte	4
 1134 0451 04       		.byte	4
 1135 0452 04       		.byte	4
 1136 0453 00       		.byte	0
 1137 0454 11       		.byte	17
 1138 0455 01       		.byte	1
 1139 0456 00       		.byte	0
 1140 0457 01       		.byte	1
ARM GAS  C:\Users\MATEOC~1.QUE\AppData\Local\Temp\ccoDdfta.s 			page 21


 1141 0458 00       		.byte	0
 1142 0459 00       		.byte	0
 1143 045a 00       		.byte	0
 1144 045b 00       		.byte	0
 1145 045c 00       		.byte	0
 1146 045d 00       		.byte	0
 1147 045e 40       		.byte	64
 1148 045f 02       		.byte	2
 1149 0460 00       		.byte	0
 1150 0461 10       		.byte	16
 1151 0462 30       		.byte	48
 1152 0463 10       		.byte	16
 1153 0464 00       		.byte	0
 1154 0465 10       		.byte	16
 1155 0466 10       		.byte	16
 1156 0467 12       		.byte	18
 1157 0468 00       		.byte	0
 1158 0469 00       		.byte	0
 1159 046a 00       		.byte	0
 1160 046b 00       		.byte	0
 1161 046c 00       		.byte	0
 1162 046d 00       		.byte	0
 1163 046e 00       		.byte	0
 1164 046f 00       		.byte	0
 1165 0470 00       		.byte	0
 1166 0471 00       		.byte	0
 1167 0472 00       		.byte	0
 1168 0473 00       		.byte	0
 1169 0474 00       		.byte	0
 1170 0475 00       		.byte	0
 1171 0476 00       		.byte	0
 1172 0477 00       		.byte	0
 1173 0478 00       		.byte	0
 1174 0479 00       		.byte	0
 1175 047a 00       		.byte	0
 1176 047b 00       		.byte	0
 1177 047c 00       		.byte	0
 1178 047d 00       		.byte	0
 1179 047e 30       		.byte	48
 1180 047f 00       		.byte	0
 1181 0480 00       		.byte	0
 1182 0481 0B       		.byte	11
 1183 0482 0B       		.byte	11
 1184 0483 00       		.byte	0
 1185 0484 00       		.byte	0
 1186 0485 00       		.byte	0
 1187 0486 00       		.byte	0
 1188 0487 00       		.byte	0
 1189 0488 82       		.byte	-126
 1190 0489 00       		.byte	0
 1191 048a 01       		.byte	1
 1192 048b F2       		.byte	-14
 1193 048c 72       		.byte	114
 1194 048d 00       		.byte	0
 1195 048e 02       		.byte	2
 1196 048f 00       		.byte	0
 1197 0490 00       		.byte	0
ARM GAS  C:\Users\MATEOC~1.QUE\AppData\Local\Temp\ccoDdfta.s 			page 22


 1198 0491 00       		.byte	0
 1199 0492 00       		.byte	0
 1200 0493 00       		.byte	0
 1201 0494 BB       		.byte	-69
 1202 0495 00       		.byte	0
 1203 0496 18       		.byte	24
 1204 0497 01       		.byte	1
 1205              		.section	.cywolatch,"a",%progbits
 1206              		.align	2
 1207              		.type	cy_meta_wonvl, %object
 1208              		.size	cy_meta_wonvl, 4
 1209              	cy_meta_wonvl:
 1210 0000 BC       		.byte	-68
 1211 0001 90       		.byte	-112
 1212 0002 AC       		.byte	-84
 1213 0003 AF       		.byte	-81
 1214              		.section	.cycustnvl,"a",%progbits
 1215              		.align	2
 1216              		.type	cy_meta_custnvl, %object
 1217              		.size	cy_meta_custnvl, 4
 1218              	cy_meta_custnvl:
 1219 0000 00       		.byte	0
 1220 0001 00       		.byte	0
 1221 0002 40       		.byte	64
 1222 0003 05       		.byte	5
 1223              		.section	.cymeta,"a",%progbits
 1224              		.align	2
 1225              		.type	cy_metadata, %object
 1226              		.size	cy_metadata, 12
 1227              	cy_metadata:
 1228 0000 00       		.byte	0
 1229 0001 01       		.byte	1
 1230 0002 2E       		.byte	46
 1231 0003 16       		.byte	22
 1232 0004 00       		.byte	0
 1233 0005 69       		.byte	105
 1234 0006 00       		.byte	0
 1235 0007 01       		.byte	1
 1236 0008 00       		.byte	0
 1237 0009 00       		.byte	0
 1238 000a 00       		.byte	0
 1239 000b 00       		.byte	0
 1240              		.section	.cyflashprotect,"a",%progbits
 1241              		.align	2
 1242              		.type	cy_meta_flashprotect, %object
 1243              		.size	cy_meta_flashprotect, 256
 1244              	cy_meta_flashprotect:
 1245 0000 00000000 		.space	256
 1245      00000000 
 1245      00000000 
 1245      00000000 
 1245      00000000 
 1246              		.text
 1247              	.Letext0:
 1248              		.file 1 "c:\\program files (x86)\\cypress\\psoc creator\\4.4\\psoc creator\\import\\gnu\\arm\\5.4.
 1249              		.file 2 "c:\\program files (x86)\\cypress\\psoc creator\\4.4\\psoc creator\\import\\gnu\\arm\\5.4.
 1250              		.file 3 "Generated_Source\\PSoC5\\cymetadata.c"
ARM GAS  C:\Users\MATEOC~1.QUE\AppData\Local\Temp\ccoDdfta.s 			page 23


 1251              		.section	.debug_info,"",%progbits
 1252              	.Ldebug_info0:
 1253 0000 32010000 		.4byte	0x132
 1254 0004 0400     		.2byte	0x4
 1255 0006 00000000 		.4byte	.Ldebug_abbrev0
 1256 000a 04       		.byte	0x4
 1257 000b 01       		.uleb128 0x1
 1258 000c 58000000 		.4byte	.LASF17
 1259 0010 0C       		.byte	0xc
 1260 0011 B2010000 		.4byte	.LASF18
 1261 0015 0A000000 		.4byte	.LASF19
 1262 0019 00000000 		.4byte	.Ldebug_line0
 1263 001d 02       		.uleb128 0x2
 1264 001e 01       		.byte	0x1
 1265 001f 06       		.byte	0x6
 1266 0020 A6010000 		.4byte	.LASF0
 1267 0024 03       		.uleb128 0x3
 1268 0025 00000000 		.4byte	.LASF9
 1269 0029 01       		.byte	0x1
 1270 002a 1D       		.byte	0x1d
 1271 002b 2F000000 		.4byte	0x2f
 1272 002f 02       		.uleb128 0x2
 1273 0030 01       		.byte	0x1
 1274 0031 08       		.byte	0x8
 1275 0032 4A000000 		.4byte	.LASF1
 1276 0036 02       		.uleb128 0x2
 1277 0037 02       		.byte	0x2
 1278 0038 05       		.byte	0x5
 1279 0039 93010000 		.4byte	.LASF2
 1280 003d 02       		.uleb128 0x2
 1281 003e 02       		.byte	0x2
 1282 003f 07       		.byte	0x7
 1283 0040 F8000000 		.4byte	.LASF3
 1284 0044 02       		.uleb128 0x2
 1285 0045 04       		.byte	0x4
 1286 0046 05       		.byte	0x5
 1287 0047 9D010000 		.4byte	.LASF4
 1288 004b 02       		.uleb128 0x2
 1289 004c 04       		.byte	0x4
 1290 004d 07       		.byte	0x7
 1291 004e E6000000 		.4byte	.LASF5
 1292 0052 02       		.uleb128 0x2
 1293 0053 08       		.byte	0x8
 1294 0054 05       		.byte	0x5
 1295 0055 85010000 		.4byte	.LASF6
 1296 0059 02       		.uleb128 0x2
 1297 005a 08       		.byte	0x8
 1298 005b 07       		.byte	0x7
 1299 005c 3A010000 		.4byte	.LASF7
 1300 0060 04       		.uleb128 0x4
 1301 0061 04       		.byte	0x4
 1302 0062 05       		.byte	0x5
 1303 0063 696E7400 		.ascii	"int\000"
 1304 0067 02       		.uleb128 0x2
 1305 0068 04       		.byte	0x4
 1306 0069 07       		.byte	0x7
 1307 006a 2D010000 		.4byte	.LASF8
ARM GAS  C:\Users\MATEOC~1.QUE\AppData\Local\Temp\ccoDdfta.s 			page 24


 1308 006e 03       		.uleb128 0x3
 1309 006f 51010000 		.4byte	.LASF10
 1310 0073 02       		.byte	0x2
 1311 0074 18       		.byte	0x18
 1312 0075 24000000 		.4byte	0x24
 1313 0079 05       		.uleb128 0x5
 1314 007a 91000000 		.4byte	0x91
 1315 007e 8A000000 		.4byte	0x8a
 1316 0082 06       		.uleb128 0x6
 1317 0083 8A000000 		.4byte	0x8a
 1318 0087 9704     		.2byte	0x497
 1319 0089 00       		.byte	0
 1320 008a 02       		.uleb128 0x2
 1321 008b 04       		.byte	0x4
 1322 008c 07       		.byte	0x7
 1323 008d 7C010000 		.4byte	.LASF11
 1324 0091 07       		.uleb128 0x7
 1325 0092 6E000000 		.4byte	0x6e
 1326 0096 08       		.uleb128 0x8
 1327 0097 1B010000 		.4byte	.LASF12
 1328 009b 03       		.byte	0x3
 1329 009c 1F       		.byte	0x1f
 1330 009d A7000000 		.4byte	0xa7
 1331 00a1 05       		.uleb128 0x5
 1332 00a2 03       		.byte	0x3
 1333 00a3 00000000 		.4byte	cy_meta_configecc
 1334 00a7 07       		.uleb128 0x7
 1335 00a8 79000000 		.4byte	0x79
 1336 00ac 05       		.uleb128 0x5
 1337 00ad 91000000 		.4byte	0x91
 1338 00b1 BC000000 		.4byte	0xbc
 1339 00b5 09       		.uleb128 0x9
 1340 00b6 8A000000 		.4byte	0x8a
 1341 00ba 03       		.byte	0x3
 1342 00bb 00       		.byte	0
 1343 00bc 08       		.uleb128 0x8
 1344 00bd 0B010000 		.4byte	.LASF13
 1345 00c1 03       		.byte	0x3
 1346 00c2 BF       		.byte	0xbf
 1347 00c3 CD000000 		.4byte	0xcd
 1348 00c7 05       		.uleb128 0x5
 1349 00c8 03       		.byte	0x3
 1350 00c9 00000000 		.4byte	cy_meta_custnvl
 1351 00cd 07       		.uleb128 0x7
 1352 00ce AC000000 		.4byte	0xac
 1353 00d2 08       		.uleb128 0x8
 1354 00d3 6E010000 		.4byte	.LASF14
 1355 00d7 03       		.byte	0x3
 1356 00d8 CD       		.byte	0xcd
 1357 00d9 E3000000 		.4byte	0xe3
 1358 00dd 05       		.uleb128 0x5
 1359 00de 03       		.byte	0x3
 1360 00df 00000000 		.4byte	cy_meta_wonvl
 1361 00e3 07       		.uleb128 0x7
 1362 00e4 AC000000 		.4byte	0xac
 1363 00e8 05       		.uleb128 0x5
 1364 00e9 91000000 		.4byte	0x91
ARM GAS  C:\Users\MATEOC~1.QUE\AppData\Local\Temp\ccoDdfta.s 			page 25


 1365 00ed F8000000 		.4byte	0xf8
 1366 00f1 09       		.uleb128 0x9
 1367 00f2 8A000000 		.4byte	0x8a
 1368 00f6 FF       		.byte	0xff
 1369 00f7 00       		.byte	0
 1370 00f8 08       		.uleb128 0x8
 1371 00f9 59010000 		.4byte	.LASF15
 1372 00fd 03       		.byte	0x3
 1373 00fe DB       		.byte	0xdb
 1374 00ff 09010000 		.4byte	0x109
 1375 0103 05       		.uleb128 0x5
 1376 0104 03       		.byte	0x3
 1377 0105 00000000 		.4byte	cy_meta_flashprotect
 1378 0109 07       		.uleb128 0x7
 1379 010a E8000000 		.4byte	0xe8
 1380 010e 05       		.uleb128 0x5
 1381 010f 91000000 		.4byte	0x91
 1382 0113 1E010000 		.4byte	0x11e
 1383 0117 09       		.uleb128 0x9
 1384 0118 8A000000 		.4byte	0x8a
 1385 011c 0B       		.byte	0xb
 1386 011d 00       		.byte	0
 1387 011e 0A       		.uleb128 0xa
 1388 011f 3E000000 		.4byte	.LASF16
 1389 0123 03       		.byte	0x3
 1390 0124 0801     		.2byte	0x108
 1391 0126 30010000 		.4byte	0x130
 1392 012a 05       		.uleb128 0x5
 1393 012b 03       		.byte	0x3
 1394 012c 00000000 		.4byte	cy_metadata
 1395 0130 07       		.uleb128 0x7
 1396 0131 0E010000 		.4byte	0x10e
 1397 0135 00       		.byte	0
 1398              		.section	.debug_abbrev,"",%progbits
 1399              	.Ldebug_abbrev0:
 1400 0000 01       		.uleb128 0x1
 1401 0001 11       		.uleb128 0x11
 1402 0002 01       		.byte	0x1
 1403 0003 25       		.uleb128 0x25
 1404 0004 0E       		.uleb128 0xe
 1405 0005 13       		.uleb128 0x13
 1406 0006 0B       		.uleb128 0xb
 1407 0007 03       		.uleb128 0x3
 1408 0008 0E       		.uleb128 0xe
 1409 0009 1B       		.uleb128 0x1b
 1410 000a 0E       		.uleb128 0xe
 1411 000b 10       		.uleb128 0x10
 1412 000c 17       		.uleb128 0x17
 1413 000d 00       		.byte	0
 1414 000e 00       		.byte	0
 1415 000f 02       		.uleb128 0x2
 1416 0010 24       		.uleb128 0x24
 1417 0011 00       		.byte	0
 1418 0012 0B       		.uleb128 0xb
 1419 0013 0B       		.uleb128 0xb
 1420 0014 3E       		.uleb128 0x3e
 1421 0015 0B       		.uleb128 0xb
ARM GAS  C:\Users\MATEOC~1.QUE\AppData\Local\Temp\ccoDdfta.s 			page 26


 1422 0016 03       		.uleb128 0x3
 1423 0017 0E       		.uleb128 0xe
 1424 0018 00       		.byte	0
 1425 0019 00       		.byte	0
 1426 001a 03       		.uleb128 0x3
 1427 001b 16       		.uleb128 0x16
 1428 001c 00       		.byte	0
 1429 001d 03       		.uleb128 0x3
 1430 001e 0E       		.uleb128 0xe
 1431 001f 3A       		.uleb128 0x3a
 1432 0020 0B       		.uleb128 0xb
 1433 0021 3B       		.uleb128 0x3b
 1434 0022 0B       		.uleb128 0xb
 1435 0023 49       		.uleb128 0x49
 1436 0024 13       		.uleb128 0x13
 1437 0025 00       		.byte	0
 1438 0026 00       		.byte	0
 1439 0027 04       		.uleb128 0x4
 1440 0028 24       		.uleb128 0x24
 1441 0029 00       		.byte	0
 1442 002a 0B       		.uleb128 0xb
 1443 002b 0B       		.uleb128 0xb
 1444 002c 3E       		.uleb128 0x3e
 1445 002d 0B       		.uleb128 0xb
 1446 002e 03       		.uleb128 0x3
 1447 002f 08       		.uleb128 0x8
 1448 0030 00       		.byte	0
 1449 0031 00       		.byte	0
 1450 0032 05       		.uleb128 0x5
 1451 0033 01       		.uleb128 0x1
 1452 0034 01       		.byte	0x1
 1453 0035 49       		.uleb128 0x49
 1454 0036 13       		.uleb128 0x13
 1455 0037 01       		.uleb128 0x1
 1456 0038 13       		.uleb128 0x13
 1457 0039 00       		.byte	0
 1458 003a 00       		.byte	0
 1459 003b 06       		.uleb128 0x6
 1460 003c 21       		.uleb128 0x21
 1461 003d 00       		.byte	0
 1462 003e 49       		.uleb128 0x49
 1463 003f 13       		.uleb128 0x13
 1464 0040 2F       		.uleb128 0x2f
 1465 0041 05       		.uleb128 0x5
 1466 0042 00       		.byte	0
 1467 0043 00       		.byte	0
 1468 0044 07       		.uleb128 0x7
 1469 0045 26       		.uleb128 0x26
 1470 0046 00       		.byte	0
 1471 0047 49       		.uleb128 0x49
 1472 0048 13       		.uleb128 0x13
 1473 0049 00       		.byte	0
 1474 004a 00       		.byte	0
 1475 004b 08       		.uleb128 0x8
 1476 004c 34       		.uleb128 0x34
 1477 004d 00       		.byte	0
 1478 004e 03       		.uleb128 0x3
ARM GAS  C:\Users\MATEOC~1.QUE\AppData\Local\Temp\ccoDdfta.s 			page 27


 1479 004f 0E       		.uleb128 0xe
 1480 0050 3A       		.uleb128 0x3a
 1481 0051 0B       		.uleb128 0xb
 1482 0052 3B       		.uleb128 0x3b
 1483 0053 0B       		.uleb128 0xb
 1484 0054 49       		.uleb128 0x49
 1485 0055 13       		.uleb128 0x13
 1486 0056 3F       		.uleb128 0x3f
 1487 0057 19       		.uleb128 0x19
 1488 0058 02       		.uleb128 0x2
 1489 0059 18       		.uleb128 0x18
 1490 005a 00       		.byte	0
 1491 005b 00       		.byte	0
 1492 005c 09       		.uleb128 0x9
 1493 005d 21       		.uleb128 0x21
 1494 005e 00       		.byte	0
 1495 005f 49       		.uleb128 0x49
 1496 0060 13       		.uleb128 0x13
 1497 0061 2F       		.uleb128 0x2f
 1498 0062 0B       		.uleb128 0xb
 1499 0063 00       		.byte	0
 1500 0064 00       		.byte	0
 1501 0065 0A       		.uleb128 0xa
 1502 0066 34       		.uleb128 0x34
 1503 0067 00       		.byte	0
 1504 0068 03       		.uleb128 0x3
 1505 0069 0E       		.uleb128 0xe
 1506 006a 3A       		.uleb128 0x3a
 1507 006b 0B       		.uleb128 0xb
 1508 006c 3B       		.uleb128 0x3b
 1509 006d 05       		.uleb128 0x5
 1510 006e 49       		.uleb128 0x49
 1511 006f 13       		.uleb128 0x13
 1512 0070 3F       		.uleb128 0x3f
 1513 0071 19       		.uleb128 0x19
 1514 0072 02       		.uleb128 0x2
 1515 0073 18       		.uleb128 0x18
 1516 0074 00       		.byte	0
 1517 0075 00       		.byte	0
 1518 0076 00       		.byte	0
 1519              		.section	.debug_aranges,"",%progbits
 1520 0000 14000000 		.4byte	0x14
 1521 0004 0200     		.2byte	0x2
 1522 0006 00000000 		.4byte	.Ldebug_info0
 1523 000a 04       		.byte	0x4
 1524 000b 00       		.byte	0
 1525 000c 0000     		.2byte	0
 1526 000e 0000     		.2byte	0
 1527 0010 00000000 		.4byte	0
 1528 0014 00000000 		.4byte	0
 1529              		.section	.debug_line,"",%progbits
 1530              	.Ldebug_line0:
 1531 0000 3D010000 		.section	.debug_str,"MS",%progbits,1
 1531      02003701 
 1531      00000201 
 1531      FB0E0D00 
 1531      01010101 
ARM GAS  C:\Users\MATEOC~1.QUE\AppData\Local\Temp\ccoDdfta.s 			page 28


 1532              	.LASF9:
 1533 0000 5F5F7569 		.ascii	"__uint8_t\000"
 1533      6E74385F 
 1533      7400
 1534              	.LASF19:
 1535 000a 433A5C55 		.ascii	"C:\\Users\\Mateo C. Querol\\Desktop\\speed_sensor.c"
 1535      73657273 
 1535      5C4D6174 
 1535      656F2043 
 1535      2E205175 
 1536 0039 7964736E 		.ascii	"ydsn\000"
 1536      00
 1537              	.LASF16:
 1538 003e 63795F6D 		.ascii	"cy_metadata\000"
 1538      65746164 
 1538      61746100 
 1539              	.LASF1:
 1540 004a 756E7369 		.ascii	"unsigned char\000"
 1540      676E6564 
 1540      20636861 
 1540      7200
 1541              	.LASF17:
 1542 0058 474E5520 		.ascii	"GNU C11 5.4.1 20160609 (release) [ARM/embedded-5-br"
 1542      43313120 
 1542      352E342E 
 1542      31203230 
 1542      31363036 
 1543 008b 616E6368 		.ascii	"anch revision 237715] -mcpu=cortex-m3 -mthumb -g -O"
 1543      20726576 
 1543      6973696F 
 1543      6E203233 
 1543      37373135 
 1544 00be 67202D66 		.ascii	"g -ffunction-sections -ffat-lto-objects\000"
 1544      66756E63 
 1544      74696F6E 
 1544      2D736563 
 1544      74696F6E 
 1545              	.LASF5:
 1546 00e6 6C6F6E67 		.ascii	"long unsigned int\000"
 1546      20756E73 
 1546      69676E65 
 1546      6420696E 
 1546      7400
 1547              	.LASF3:
 1548 00f8 73686F72 		.ascii	"short unsigned int\000"
 1548      7420756E 
 1548      7369676E 
 1548      65642069 
 1548      6E7400
 1549              	.LASF13:
 1550 010b 63795F6D 		.ascii	"cy_meta_custnvl\000"
 1550      6574615F 
 1550      63757374 
 1550      6E766C00 
 1551              	.LASF12:
 1552 011b 63795F6D 		.ascii	"cy_meta_configecc\000"
 1552      6574615F 
ARM GAS  C:\Users\MATEOC~1.QUE\AppData\Local\Temp\ccoDdfta.s 			page 29


 1552      636F6E66 
 1552      69676563 
 1552      6300
 1553              	.LASF8:
 1554 012d 756E7369 		.ascii	"unsigned int\000"
 1554      676E6564 
 1554      20696E74 
 1554      00
 1555              	.LASF7:
 1556 013a 6C6F6E67 		.ascii	"long long unsigned int\000"
 1556      206C6F6E 
 1556      6720756E 
 1556      7369676E 
 1556      65642069 
 1557              	.LASF10:
 1558 0151 75696E74 		.ascii	"uint8_t\000"
 1558      385F7400 
 1559              	.LASF15:
 1560 0159 63795F6D 		.ascii	"cy_meta_flashprotect\000"
 1560      6574615F 
 1560      666C6173 
 1560      6870726F 
 1560      74656374 
 1561              	.LASF14:
 1562 016e 63795F6D 		.ascii	"cy_meta_wonvl\000"
 1562      6574615F 
 1562      776F6E76 
 1562      6C00
 1563              	.LASF11:
 1564 017c 73697A65 		.ascii	"sizetype\000"
 1564      74797065 
 1564      00
 1565              	.LASF6:
 1566 0185 6C6F6E67 		.ascii	"long long int\000"
 1566      206C6F6E 
 1566      6720696E 
 1566      7400
 1567              	.LASF2:
 1568 0193 73686F72 		.ascii	"short int\000"
 1568      7420696E 
 1568      7400
 1569              	.LASF4:
 1570 019d 6C6F6E67 		.ascii	"long int\000"
 1570      20696E74 
 1570      00
 1571              	.LASF0:
 1572 01a6 7369676E 		.ascii	"signed char\000"
 1572      65642063 
 1572      68617200 
 1573              	.LASF18:
 1574 01b2 47656E65 		.ascii	"Generated_Source\\PSoC5\\cymetadata.c\000"
 1574      72617465 
 1574      645F536F 
 1574      75726365 
 1574      5C50536F 
 1575              		.ident	"GCC: (GNU Tools for ARM Embedded Processors) 5.4.1 20160609 (release) [ARM/embedded-5-bran
