ARM GAS  C:\Users\MATEOC~1.QUE\AppData\Local\Temp\ccdcWfhO.s 			page 1


   1              		.syntax unified
   2              		.cpu cortex-m3
   3              		.fpu softvfp
   4              		.eabi_attribute 20, 1
   5              		.eabi_attribute 21, 1
   6              		.eabi_attribute 23, 3
   7              		.eabi_attribute 24, 1
   8              		.eabi_attribute 25, 1
   9              		.eabi_attribute 26, 1
  10              		.eabi_attribute 30, 1
  11              		.eabi_attribute 34, 1
  12              		.eabi_attribute 18, 4
  13              		.thumb
  14              		.syntax unified
  15              		.file	"main.c"
  16              		.text
  17              	.Ltext0:
  18              		.cfi_sections	.debug_frame
  19              		.section	.text.isr_sampling_button,"ax",%progbits
  20              		.align	2
  21              		.global	isr_sampling_button
  22              		.thumb
  23              		.thumb_func
  24              		.type	isr_sampling_button, %function
  25              	isr_sampling_button:
  26              	.LFB65:
  27              		.file 1 "main.c"
   1:main.c        **** #include "project.h"
   2:main.c        **** #include "stdlib.h"
   3:main.c        **** 
   4:main.c        **** #include "statemachine.h"
   5:main.c        **** 
   6:main.c        **** /**
   7:main.c        **** * Prototype of your own ISR
   8:main.c        **** **/
   9:main.c        **** CY_ISR_PROTO(isr_sampling_button);
  10:main.c        **** CY_ISR_PROTO(isr_adc_eoc);
  11:main.c        **** CY_ISR_PROTO(isr_uart_rx);
  12:main.c        **** 
  13:main.c        **** //function declarations
  14:main.c        **** void init(void);
  15:main.c        **** 
  16:main.c        **** 
  17:main.c        **** int main(void)
  18:main.c        **** {
  19:main.c        ****     CyGlobalIntEnable; 
  20:main.c        ****     /* Enable global interrupts. */
  21:main.c        ****     isr_btn_StartEx(isr_sampling_button);
  22:main.c        ****     isr_uart_StartEx(isr_uart_rx);
  23:main.c        ****     
  24:main.c        ****     //initialize peripherals
  25:main.c        ****     init();
  26:main.c        ****     for(;;)
  27:main.c        ****     {   
  28:main.c        ****         stateMachine(state); //call state machine indefinitely
  29:main.c        ****     }
  30:main.c        **** }
ARM GAS  C:\Users\MATEOC~1.QUE\AppData\Local\Temp\ccdcWfhO.s 			page 2


  31:main.c        **** 
  32:main.c        **** /* init function
  33:main.c        **** * initialize all the peripherals
  34:main.c        **** * called before the switch case
  35:main.c        **** * input parameters : NONE
  36:main.c        **** * return : NONE
  37:main.c        **** */
  38:main.c        **** void init()
  39:main.c        **** {   
  40:main.c        ****     ADC_Start();
  41:main.c        ****     DAC_Start();
  42:main.c        ****     UART_Start();
  43:main.c        **** }
  44:main.c        **** 
  45:main.c        **** 
  46:main.c        **** /** Button ISR
  47:main.c        **** * This interrupt service routine will be called whenever a Button
  48:main.c        **** rising edge interrupt occurs
  49:main.c        **** **/
  50:main.c        **** CY_ISR(isr_sampling_button)
  51:main.c        **** {
  28              		.loc 1 51 0
  29              		.cfi_startproc
  30              		@ args = 0, pretend = 0, frame = 0
  31              		@ frame_needed = 0, uses_anonymous_args = 0
  32 0000 08B5     		push	{r3, lr}
  33              		.cfi_def_cfa_offset 8
  34              		.cfi_offset 3, -8
  35              		.cfi_offset 14, -4
  52:main.c        ****     Btn_startSample_ClearInterrupt();
  36              		.loc 1 52 0
  37 0002 FFF7FEFF 		bl	Btn_startSample_ClearInterrupt
  38              	.LVL0:
  53:main.c        ****     state = STATE_SAMPLING;
  39              		.loc 1 53 0
  40 0006 0122     		movs	r2, #1
  41 0008 014B     		ldr	r3, .L3
  42 000a 1A70     		strb	r2, [r3]
  43 000c 08BD     		pop	{r3, pc}
  44              	.L4:
  45 000e 00BF     		.align	2
  46              	.L3:
  47 0010 00000000 		.word	state
  48              		.cfi_endproc
  49              	.LFE65:
  50              		.size	isr_sampling_button, .-isr_sampling_button
  51              		.section	.text.isr_uart_rx,"ax",%progbits
  52              		.align	2
  53              		.global	isr_uart_rx
  54              		.thumb
  55              		.thumb_func
  56              		.type	isr_uart_rx, %function
  57              	isr_uart_rx:
  58              	.LFB67:
  54:main.c        **** 
  55:main.c        **** }
  56:main.c        **** 
ARM GAS  C:\Users\MATEOC~1.QUE\AppData\Local\Temp\ccdcWfhO.s 			page 3


  57:main.c        **** /** ADC ISR
  58:main.c        **** * This interrupt service routine will be called at the end of each conversion
  59:main.c        **** **/
  60:main.c        **** CY_ISR(isr_adc_eoc)
  61:main.c        **** {
  62:main.c        ****     if(ADC_IsEndConversion(ADC_WAIT_FOR_RESULT))
  63:main.c        ****     {
  64:main.c        ****         eoc = 1;
  65:main.c        ****         ADC_StopConvert();
  66:main.c        ****     }
  67:main.c        **** }
  68:main.c        **** 
  69:main.c        **** /* UART ISR
  70:main.c        **** * checks if the incoming data is 's' or 'o'
  71:main.c        **** */
  72:main.c        **** CY_ISR(isr_uart_rx)
  73:main.c        **** {
  59              		.loc 1 73 0
  60              		.cfi_startproc
  61              		@ args = 0, pretend = 0, frame = 0
  62              		@ frame_needed = 0, uses_anonymous_args = 0
  63 0000 08B5     		push	{r3, lr}
  64              		.cfi_def_cfa_offset 8
  65              		.cfi_offset 3, -8
  66              		.cfi_offset 14, -4
  74:main.c        ****     ch = UART_GetChar();
  67              		.loc 1 74 0
  68 0002 FFF7FEFF 		bl	UART_GetChar
  69              	.LVL1:
  70 0006 064B     		ldr	r3, .L9
  71 0008 1870     		strb	r0, [r3]
  75:main.c        ****     if(ch == 's')
  72              		.loc 1 75 0
  73 000a 7328     		cmp	r0, #115
  74 000c 02D1     		bne	.L6
  76:main.c        ****     {
  77:main.c        ****         charS = 1;   
  75              		.loc 1 77 0
  76 000e 0122     		movs	r2, #1
  77 0010 044B     		ldr	r3, .L9+4
  78 0012 1A60     		str	r2, [r3]
  79              	.L6:
  78:main.c        ****     }
  79:main.c        ****     if(ch == 'o')
  80              		.loc 1 79 0
  81 0014 6F28     		cmp	r0, #111
  82 0016 02D1     		bne	.L5
  80:main.c        ****     {
  81:main.c        ****         charO = 1;
  83              		.loc 1 81 0
  84 0018 0122     		movs	r2, #1
  85 001a 034B     		ldr	r3, .L9+8
  86 001c 1A60     		str	r2, [r3]
  87              	.L5:
  88 001e 08BD     		pop	{r3, pc}
  89              	.L10:
  90              		.align	2
ARM GAS  C:\Users\MATEOC~1.QUE\AppData\Local\Temp\ccdcWfhO.s 			page 4


  91              	.L9:
  92 0020 00000000 		.word	ch
  93 0024 00000000 		.word	charS
  94 0028 00000000 		.word	charO
  95              		.cfi_endproc
  96              	.LFE67:
  97              		.size	isr_uart_rx, .-isr_uart_rx
  98              		.section	.text.init,"ax",%progbits
  99              		.align	2
 100              		.global	init
 101              		.thumb
 102              		.thumb_func
 103              		.type	init, %function
 104              	init:
 105              	.LFB64:
  39:main.c        ****     ADC_Start();
 106              		.loc 1 39 0
 107              		.cfi_startproc
 108              		@ args = 0, pretend = 0, frame = 0
 109              		@ frame_needed = 0, uses_anonymous_args = 0
 110 0000 08B5     		push	{r3, lr}
 111              		.cfi_def_cfa_offset 8
 112              		.cfi_offset 3, -8
 113              		.cfi_offset 14, -4
  40:main.c        ****     DAC_Start();
 114              		.loc 1 40 0
 115 0002 FFF7FEFF 		bl	ADC_Start
 116              	.LVL2:
  41:main.c        ****     UART_Start();
 117              		.loc 1 41 0
 118 0006 FFF7FEFF 		bl	DAC_Start
 119              	.LVL3:
  42:main.c        **** }
 120              		.loc 1 42 0
 121 000a FFF7FEFF 		bl	UART_Start
 122              	.LVL4:
 123 000e 08BD     		pop	{r3, pc}
 124              		.cfi_endproc
 125              	.LFE64:
 126              		.size	init, .-init
 127              		.section	.text.main,"ax",%progbits
 128              		.align	2
 129              		.global	main
 130              		.thumb
 131              		.thumb_func
 132              		.type	main, %function
 133              	main:
 134              	.LFB63:
  18:main.c        ****     CyGlobalIntEnable; 
 135              		.loc 1 18 0
 136              		.cfi_startproc
 137              		@ Volatile: function does not return.
 138              		@ args = 0, pretend = 0, frame = 0
 139              		@ frame_needed = 0, uses_anonymous_args = 0
 140 0000 08B5     		push	{r3, lr}
 141              		.cfi_def_cfa_offset 8
 142              		.cfi_offset 3, -8
ARM GAS  C:\Users\MATEOC~1.QUE\AppData\Local\Temp\ccdcWfhO.s 			page 5


 143              		.cfi_offset 14, -4
  19:main.c        ****     /* Enable global interrupts. */
 144              		.loc 1 19 0
 145              		.syntax unified
 146              	@ 19 "main.c" 1
 147 0002 62B6     		CPSIE   i
 148              	@ 0 "" 2
  21:main.c        ****     isr_uart_StartEx(isr_uart_rx);
 149              		.loc 1 21 0
 150              		.thumb
 151              		.syntax unified
 152 0004 0648     		ldr	r0, .L16
 153 0006 FFF7FEFF 		bl	isr_btn_StartEx
 154              	.LVL5:
  22:main.c        ****     
 155              		.loc 1 22 0
 156 000a 0648     		ldr	r0, .L16+4
 157 000c FFF7FEFF 		bl	isr_uart_StartEx
 158              	.LVL6:
  25:main.c        ****     for(;;)
 159              		.loc 1 25 0
 160 0010 FFF7FEFF 		bl	init
 161              	.LVL7:
 162              	.L14:
  28:main.c        ****     }
 163              		.loc 1 28 0 discriminator 1
 164 0014 044B     		ldr	r3, .L16+8
 165 0016 1878     		ldrb	r0, [r3]	@ zero_extendqisi2
 166 0018 FFF7FEFF 		bl	stateMachine
 167              	.LVL8:
 168 001c FAE7     		b	.L14
 169              	.L17:
 170 001e 00BF     		.align	2
 171              	.L16:
 172 0020 00000000 		.word	isr_sampling_button
 173 0024 00000000 		.word	isr_uart_rx
 174 0028 00000000 		.word	state
 175              		.cfi_endproc
 176              	.LFE63:
 177              		.size	main, .-main
 178              		.section	.text.isr_adc_eoc,"ax",%progbits
 179              		.align	2
 180              		.global	isr_adc_eoc
 181              		.thumb
 182              		.thumb_func
 183              		.type	isr_adc_eoc, %function
 184              	isr_adc_eoc:
 185              	.LFB66:
  61:main.c        ****     if(ADC_IsEndConversion(ADC_WAIT_FOR_RESULT))
 186              		.loc 1 61 0
 187              		.cfi_startproc
 188              		@ args = 0, pretend = 0, frame = 0
 189              		@ frame_needed = 0, uses_anonymous_args = 0
 190 0000 08B5     		push	{r3, lr}
 191              		.cfi_def_cfa_offset 8
 192              		.cfi_offset 3, -8
 193              		.cfi_offset 14, -4
ARM GAS  C:\Users\MATEOC~1.QUE\AppData\Local\Temp\ccdcWfhO.s 			page 6


  62:main.c        ****     {
 194              		.loc 1 62 0
 195 0002 0020     		movs	r0, #0
 196 0004 FFF7FEFF 		bl	ADC_IsEndConversion
 197              	.LVL9:
 198 0008 08B1     		cbz	r0, .L18
  65:main.c        ****     }
 199              		.loc 1 65 0
 200 000a FFF7FEFF 		bl	ADC_StopConvert
 201              	.LVL10:
 202              	.L18:
 203 000e 08BD     		pop	{r3, pc}
 204              		.cfi_endproc
 205              	.LFE66:
 206              		.size	isr_adc_eoc, .-isr_adc_eoc
 207              		.text
 208              	.Letext0:
 209              		.file 2 "c:\\program files (x86)\\cypress\\psoc creator\\4.4\\psoc creator\\import\\gnu\\arm\\5.4.
 210              		.file 3 "c:\\program files (x86)\\cypress\\psoc creator\\4.4\\psoc creator\\import\\gnu\\arm\\5.4.
 211              		.file 4 "Generated_Source\\PSoC5/cytypes.h"
 212              		.file 5 "statemachine.h"
 213              		.file 6 "Generated_Source\\PSoC5/core_cm3.h"
 214              		.file 7 "Generated_Source\\PSoC5/Btn_startSample.h"
 215              		.file 8 "Generated_Source\\PSoC5/UART.h"
 216              		.file 9 "Generated_Source\\PSoC5/ADC.h"
 217              		.file 10 "Generated_Source\\PSoC5/DAC.h"
 218              		.file 11 "Generated_Source\\PSoC5/isr_btn.h"
 219              		.file 12 "Generated_Source\\PSoC5/isr_uart.h"
 220              		.section	.debug_info,"",%progbits
 221              	.Ldebug_info0:
 222 0000 87020000 		.4byte	0x287
 223 0004 0400     		.2byte	0x4
 224 0006 00000000 		.4byte	.Ldebug_abbrev0
 225 000a 04       		.byte	0x4
 226 000b 01       		.uleb128 0x1
 227 000c 8D000000 		.4byte	.LASF39
 228 0010 0C       		.byte	0xc
 229 0011 50020000 		.4byte	.LASF40
 230 0015 31000000 		.4byte	.LASF41
 231 0019 00000000 		.4byte	.Ldebug_ranges0+0
 232 001d 00000000 		.4byte	0
 233 0021 00000000 		.4byte	.Ldebug_line0
 234 0025 02       		.uleb128 0x2
 235 0026 01       		.byte	0x1
 236 0027 06       		.byte	0x6
 237 0028 8F020000 		.4byte	.LASF0
 238 002c 02       		.uleb128 0x2
 239 002d 01       		.byte	0x1
 240 002e 08       		.byte	0x8
 241 002f 7F000000 		.4byte	.LASF1
 242 0033 02       		.uleb128 0x2
 243 0034 02       		.byte	0x2
 244 0035 05       		.byte	0x5
 245 0036 AD010000 		.4byte	.LASF2
 246 003a 02       		.uleb128 0x2
 247 003b 02       		.byte	0x2
 248 003c 07       		.byte	0x7
ARM GAS  C:\Users\MATEOC~1.QUE\AppData\Local\Temp\ccdcWfhO.s 			page 7


 249 003d 3A010000 		.4byte	.LASF3
 250 0041 03       		.uleb128 0x3
 251 0042 06000000 		.4byte	.LASF9
 252 0046 02       		.byte	0x2
 253 0047 3F       		.byte	0x3f
 254 0048 4C000000 		.4byte	0x4c
 255 004c 02       		.uleb128 0x2
 256 004d 04       		.byte	0x4
 257 004e 05       		.byte	0x5
 258 004f 7A020000 		.4byte	.LASF4
 259 0053 02       		.uleb128 0x2
 260 0054 04       		.byte	0x4
 261 0055 07       		.byte	0x7
 262 0056 9B010000 		.4byte	.LASF5
 263 005a 02       		.uleb128 0x2
 264 005b 08       		.byte	0x8
 265 005c 05       		.byte	0x5
 266 005d 42020000 		.4byte	.LASF6
 267 0061 02       		.uleb128 0x2
 268 0062 08       		.byte	0x8
 269 0063 07       		.byte	0x7
 270 0064 EF010000 		.4byte	.LASF7
 271 0068 04       		.uleb128 0x4
 272 0069 04       		.byte	0x4
 273 006a 05       		.byte	0x5
 274 006b 696E7400 		.ascii	"int\000"
 275 006f 02       		.uleb128 0x2
 276 0070 04       		.byte	0x4
 277 0071 07       		.byte	0x7
 278 0072 C3010000 		.4byte	.LASF8
 279 0076 03       		.uleb128 0x3
 280 0077 24020000 		.4byte	.LASF10
 281 007b 03       		.byte	0x3
 282 007c 2C       		.byte	0x2c
 283 007d 41000000 		.4byte	0x41
 284 0081 05       		.uleb128 0x5
 285 0082 74020000 		.4byte	.LASF11
 286 0086 04       		.byte	0x4
 287 0087 E801     		.2byte	0x1e8
 288 0089 2C000000 		.4byte	0x2c
 289 008d 02       		.uleb128 0x2
 290 008e 04       		.byte	0x4
 291 008f 04       		.byte	0x4
 292 0090 65000000 		.4byte	.LASF12
 293 0094 02       		.uleb128 0x2
 294 0095 08       		.byte	0x8
 295 0096 04       		.byte	0x4
 296 0097 61010000 		.4byte	.LASF13
 297 009b 02       		.uleb128 0x2
 298 009c 01       		.byte	0x1
 299 009d 08       		.byte	0x8
 300 009e 57020000 		.4byte	.LASF14
 301 00a2 02       		.uleb128 0x2
 302 00a3 08       		.byte	0x8
 303 00a4 04       		.byte	0x4
 304 00a5 83020000 		.4byte	.LASF15
 305 00a9 02       		.uleb128 0x2
ARM GAS  C:\Users\MATEOC~1.QUE\AppData\Local\Temp\ccdcWfhO.s 			page 8


 306 00aa 04       		.byte	0x4
 307 00ab 07       		.byte	0x7
 308 00ac 39020000 		.4byte	.LASF16
 309 00b0 06       		.uleb128 0x6
 310 00b1 01       		.byte	0x1
 311 00b2 2C000000 		.4byte	0x2c
 312 00b6 05       		.byte	0x5
 313 00b7 09       		.byte	0x9
 314 00b8 CF000000 		.4byte	0xcf
 315 00bc 07       		.uleb128 0x7
 316 00bd 1B010000 		.4byte	.LASF17
 317 00c1 00       		.byte	0
 318 00c2 07       		.uleb128 0x7
 319 00c3 06020000 		.4byte	.LASF18
 320 00c7 01       		.byte	0x1
 321 00c8 07       		.uleb128 0x7
 322 00c9 6B000000 		.4byte	.LASF19
 323 00cd 02       		.byte	0x2
 324 00ce 00       		.byte	0
 325 00cf 03       		.uleb128 0x3
 326 00d0 6C020000 		.4byte	.LASF20
 327 00d4 05       		.byte	0x5
 328 00d5 0F       		.byte	0xf
 329 00d6 B0000000 		.4byte	0xb0
 330 00da 08       		.uleb128 0x8
 331 00db 4D010000 		.4byte	.LASF21
 332 00df 01       		.byte	0x1
 333 00e0 32       		.byte	0x32
 334 00e1 00000000 		.4byte	.LFB65
 335 00e5 14000000 		.4byte	.LFE65-.LFB65
 336 00e9 01       		.uleb128 0x1
 337 00ea 9C       		.byte	0x9c
 338 00eb F9000000 		.4byte	0xf9
 339 00ef 09       		.uleb128 0x9
 340 00f0 06000000 		.4byte	.LVL0
 341 00f4 1C020000 		.4byte	0x21c
 342 00f8 00       		.byte	0
 343 00f9 08       		.uleb128 0x8
 344 00fa 85010000 		.4byte	.LASF22
 345 00fe 01       		.byte	0x1
 346 00ff 48       		.byte	0x48
 347 0100 00000000 		.4byte	.LFB67
 348 0104 2C000000 		.4byte	.LFE67-.LFB67
 349 0108 01       		.uleb128 0x1
 350 0109 9C       		.byte	0x9c
 351 010a 18010000 		.4byte	0x118
 352 010e 09       		.uleb128 0x9
 353 010f 06000000 		.4byte	.LVL1
 354 0113 27020000 		.4byte	0x227
 355 0117 00       		.byte	0
 356 0118 08       		.uleb128 0x8
 357 0119 2C000000 		.4byte	.LASF23
 358 011d 01       		.byte	0x1
 359 011e 26       		.byte	0x26
 360 011f 00000000 		.4byte	.LFB64
 361 0123 10000000 		.4byte	.LFE64-.LFB64
 362 0127 01       		.uleb128 0x1
ARM GAS  C:\Users\MATEOC~1.QUE\AppData\Local\Temp\ccdcWfhO.s 			page 9


 363 0128 9C       		.byte	0x9c
 364 0129 49010000 		.4byte	0x149
 365 012d 09       		.uleb128 0x9
 366 012e 06000000 		.4byte	.LVL2
 367 0132 32020000 		.4byte	0x232
 368 0136 09       		.uleb128 0x9
 369 0137 0A000000 		.4byte	.LVL3
 370 013b 3D020000 		.4byte	0x23d
 371 013f 09       		.uleb128 0x9
 372 0140 0E000000 		.4byte	.LVL4
 373 0144 48020000 		.4byte	0x248
 374 0148 00       		.byte	0
 375 0149 0A       		.uleb128 0xa
 376 014a 1F020000 		.4byte	.LASF42
 377 014e 01       		.byte	0x1
 378 014f 11       		.byte	0x11
 379 0150 68000000 		.4byte	0x68
 380 0154 00000000 		.4byte	.LFB63
 381 0158 2C000000 		.4byte	.LFE63-.LFB63
 382 015c 01       		.uleb128 0x1
 383 015d 9C       		.byte	0x9c
 384 015e A3010000 		.4byte	0x1a3
 385 0162 0B       		.uleb128 0xb
 386 0163 0A000000 		.4byte	.LVL5
 387 0167 53020000 		.4byte	0x253
 388 016b 79010000 		.4byte	0x179
 389 016f 0C       		.uleb128 0xc
 390 0170 01       		.uleb128 0x1
 391 0171 50       		.byte	0x50
 392 0172 05       		.uleb128 0x5
 393 0173 03       		.byte	0x3
 394 0174 00000000 		.4byte	isr_sampling_button
 395 0178 00       		.byte	0
 396 0179 0B       		.uleb128 0xb
 397 017a 10000000 		.4byte	.LVL6
 398 017e 5E020000 		.4byte	0x25e
 399 0182 90010000 		.4byte	0x190
 400 0186 0C       		.uleb128 0xc
 401 0187 01       		.uleb128 0x1
 402 0188 50       		.byte	0x50
 403 0189 05       		.uleb128 0x5
 404 018a 03       		.byte	0x3
 405 018b 00000000 		.4byte	isr_uart_rx
 406 018f 00       		.byte	0
 407 0190 09       		.uleb128 0x9
 408 0191 14000000 		.4byte	.LVL7
 409 0195 18010000 		.4byte	0x118
 410 0199 09       		.uleb128 0x9
 411 019a 1C000000 		.4byte	.LVL8
 412 019e 69020000 		.4byte	0x269
 413 01a2 00       		.byte	0
 414 01a3 08       		.uleb128 0x8
 415 01a4 9B020000 		.4byte	.LASF24
 416 01a8 01       		.byte	0x1
 417 01a9 3C       		.byte	0x3c
 418 01aa 00000000 		.4byte	.LFB66
 419 01ae 10000000 		.4byte	.LFE66-.LFB66
ARM GAS  C:\Users\MATEOC~1.QUE\AppData\Local\Temp\ccdcWfhO.s 			page 10


 420 01b2 01       		.uleb128 0x1
 421 01b3 9C       		.byte	0x9c
 422 01b4 D5010000 		.4byte	0x1d5
 423 01b8 0B       		.uleb128 0xb
 424 01b9 08000000 		.4byte	.LVL9
 425 01bd 74020000 		.4byte	0x274
 426 01c1 CB010000 		.4byte	0x1cb
 427 01c5 0C       		.uleb128 0xc
 428 01c6 01       		.uleb128 0x1
 429 01c7 50       		.byte	0x50
 430 01c8 01       		.uleb128 0x1
 431 01c9 30       		.byte	0x30
 432 01ca 00       		.byte	0
 433 01cb 09       		.uleb128 0x9
 434 01cc 0E000000 		.4byte	.LVL10
 435 01d0 7F020000 		.4byte	0x27f
 436 01d4 00       		.byte	0
 437 01d5 0D       		.uleb128 0xd
 438 01d6 656F6300 		.ascii	"eoc\000"
 439 01da 05       		.byte	0x5
 440 01db 24       		.byte	0x24
 441 01dc 81000000 		.4byte	0x81
 442 01e0 0E       		.uleb128 0xe
 443 01e1 78010000 		.4byte	.LASF25
 444 01e5 06       		.byte	0x6
 445 01e6 1207     		.2byte	0x712
 446 01e8 EC010000 		.4byte	0x1ec
 447 01ec 0F       		.uleb128 0xf
 448 01ed 76000000 		.4byte	0x76
 449 01f1 10       		.uleb128 0x10
 450 01f2 00000000 		.4byte	.LASF26
 451 01f6 05       		.byte	0x5
 452 01f7 1C       		.byte	0x1c
 453 01f8 CF000000 		.4byte	0xcf
 454 01fc 11       		.uleb128 0x11
 455 01fd 636800   		.ascii	"ch\000"
 456 0200 05       		.byte	0x5
 457 0201 20       		.byte	0x20
 458 0202 81000000 		.4byte	0x81
 459 0206 10       		.uleb128 0x10
 460 0207 BD010000 		.4byte	.LASF27
 461 020b 05       		.byte	0x5
 462 020c 25       		.byte	0x25
 463 020d 68000000 		.4byte	0x68
 464 0211 10       		.uleb128 0x10
 465 0212 B7010000 		.4byte	.LASF28
 466 0216 05       		.byte	0x5
 467 0217 26       		.byte	0x26
 468 0218 68000000 		.4byte	0x68
 469 021c 12       		.uleb128 0x12
 470 021d D0010000 		.4byte	.LASF29
 471 0221 D0010000 		.4byte	.LASF29
 472 0225 07       		.byte	0x7
 473 0226 2B       		.byte	0x2b
 474 0227 12       		.uleb128 0x12
 475 0228 A7020000 		.4byte	.LASF30
 476 022c A7020000 		.4byte	.LASF30
ARM GAS  C:\Users\MATEOC~1.QUE\AppData\Local\Temp\ccdcWfhO.s 			page 11


 477 0230 08       		.byte	0x8
 478 0231 71       		.byte	0x71
 479 0232 12       		.uleb128 0x12
 480 0233 15020000 		.4byte	.LASF31
 481 0237 15020000 		.4byte	.LASF31
 482 023b 09       		.byte	0x9
 483 023c 3A       		.byte	0x3a
 484 023d 12       		.uleb128 0x12
 485 023e 91010000 		.4byte	.LASF32
 486 0242 91010000 		.4byte	.LASF32
 487 0246 0A       		.byte	0xa
 488 0247 67       		.byte	0x67
 489 0248 12       		.uleb128 0x12
 490 0249 21000000 		.4byte	.LASF33
 491 024d 21000000 		.4byte	.LASF33
 492 0251 08       		.byte	0x8
 493 0252 54       		.byte	0x54
 494 0253 12       		.uleb128 0x12
 495 0254 5C020000 		.4byte	.LASF34
 496 0258 5C020000 		.4byte	.LASF34
 497 025c 0B       		.byte	0xb
 498 025d 18       		.byte	0x18
 499 025e 12       		.uleb128 0x12
 500 025f 10000000 		.4byte	.LASF35
 501 0263 10000000 		.4byte	.LASF35
 502 0267 0C       		.byte	0xc
 503 0268 18       		.byte	0x18
 504 0269 12       		.uleb128 0x12
 505 026a 2C020000 		.4byte	.LASF36
 506 026e 2C020000 		.4byte	.LASF36
 507 0272 05       		.byte	0x5
 508 0273 13       		.byte	0x13
 509 0274 12       		.uleb128 0x12
 510 0275 26010000 		.4byte	.LASF37
 511 0279 26010000 		.4byte	.LASF37
 512 027d 09       		.byte	0x9
 513 027e 3F       		.byte	0x3f
 514 027f 12       		.uleb128 0x12
 515 0280 68010000 		.4byte	.LASF38
 516 0284 68010000 		.4byte	.LASF38
 517 0288 09       		.byte	0x9
 518 0289 3E       		.byte	0x3e
 519 028a 00       		.byte	0
 520              		.section	.debug_abbrev,"",%progbits
 521              	.Ldebug_abbrev0:
 522 0000 01       		.uleb128 0x1
 523 0001 11       		.uleb128 0x11
 524 0002 01       		.byte	0x1
 525 0003 25       		.uleb128 0x25
 526 0004 0E       		.uleb128 0xe
 527 0005 13       		.uleb128 0x13
 528 0006 0B       		.uleb128 0xb
 529 0007 03       		.uleb128 0x3
 530 0008 0E       		.uleb128 0xe
 531 0009 1B       		.uleb128 0x1b
 532 000a 0E       		.uleb128 0xe
 533 000b 55       		.uleb128 0x55
ARM GAS  C:\Users\MATEOC~1.QUE\AppData\Local\Temp\ccdcWfhO.s 			page 12


 534 000c 17       		.uleb128 0x17
 535 000d 11       		.uleb128 0x11
 536 000e 01       		.uleb128 0x1
 537 000f 10       		.uleb128 0x10
 538 0010 17       		.uleb128 0x17
 539 0011 00       		.byte	0
 540 0012 00       		.byte	0
 541 0013 02       		.uleb128 0x2
 542 0014 24       		.uleb128 0x24
 543 0015 00       		.byte	0
 544 0016 0B       		.uleb128 0xb
 545 0017 0B       		.uleb128 0xb
 546 0018 3E       		.uleb128 0x3e
 547 0019 0B       		.uleb128 0xb
 548 001a 03       		.uleb128 0x3
 549 001b 0E       		.uleb128 0xe
 550 001c 00       		.byte	0
 551 001d 00       		.byte	0
 552 001e 03       		.uleb128 0x3
 553 001f 16       		.uleb128 0x16
 554 0020 00       		.byte	0
 555 0021 03       		.uleb128 0x3
 556 0022 0E       		.uleb128 0xe
 557 0023 3A       		.uleb128 0x3a
 558 0024 0B       		.uleb128 0xb
 559 0025 3B       		.uleb128 0x3b
 560 0026 0B       		.uleb128 0xb
 561 0027 49       		.uleb128 0x49
 562 0028 13       		.uleb128 0x13
 563 0029 00       		.byte	0
 564 002a 00       		.byte	0
 565 002b 04       		.uleb128 0x4
 566 002c 24       		.uleb128 0x24
 567 002d 00       		.byte	0
 568 002e 0B       		.uleb128 0xb
 569 002f 0B       		.uleb128 0xb
 570 0030 3E       		.uleb128 0x3e
 571 0031 0B       		.uleb128 0xb
 572 0032 03       		.uleb128 0x3
 573 0033 08       		.uleb128 0x8
 574 0034 00       		.byte	0
 575 0035 00       		.byte	0
 576 0036 05       		.uleb128 0x5
 577 0037 16       		.uleb128 0x16
 578 0038 00       		.byte	0
 579 0039 03       		.uleb128 0x3
 580 003a 0E       		.uleb128 0xe
 581 003b 3A       		.uleb128 0x3a
 582 003c 0B       		.uleb128 0xb
 583 003d 3B       		.uleb128 0x3b
 584 003e 05       		.uleb128 0x5
 585 003f 49       		.uleb128 0x49
 586 0040 13       		.uleb128 0x13
 587 0041 00       		.byte	0
 588 0042 00       		.byte	0
 589 0043 06       		.uleb128 0x6
 590 0044 04       		.uleb128 0x4
ARM GAS  C:\Users\MATEOC~1.QUE\AppData\Local\Temp\ccdcWfhO.s 			page 13


 591 0045 01       		.byte	0x1
 592 0046 0B       		.uleb128 0xb
 593 0047 0B       		.uleb128 0xb
 594 0048 49       		.uleb128 0x49
 595 0049 13       		.uleb128 0x13
 596 004a 3A       		.uleb128 0x3a
 597 004b 0B       		.uleb128 0xb
 598 004c 3B       		.uleb128 0x3b
 599 004d 0B       		.uleb128 0xb
 600 004e 01       		.uleb128 0x1
 601 004f 13       		.uleb128 0x13
 602 0050 00       		.byte	0
 603 0051 00       		.byte	0
 604 0052 07       		.uleb128 0x7
 605 0053 28       		.uleb128 0x28
 606 0054 00       		.byte	0
 607 0055 03       		.uleb128 0x3
 608 0056 0E       		.uleb128 0xe
 609 0057 1C       		.uleb128 0x1c
 610 0058 0B       		.uleb128 0xb
 611 0059 00       		.byte	0
 612 005a 00       		.byte	0
 613 005b 08       		.uleb128 0x8
 614 005c 2E       		.uleb128 0x2e
 615 005d 01       		.byte	0x1
 616 005e 3F       		.uleb128 0x3f
 617 005f 19       		.uleb128 0x19
 618 0060 03       		.uleb128 0x3
 619 0061 0E       		.uleb128 0xe
 620 0062 3A       		.uleb128 0x3a
 621 0063 0B       		.uleb128 0xb
 622 0064 3B       		.uleb128 0x3b
 623 0065 0B       		.uleb128 0xb
 624 0066 27       		.uleb128 0x27
 625 0067 19       		.uleb128 0x19
 626 0068 11       		.uleb128 0x11
 627 0069 01       		.uleb128 0x1
 628 006a 12       		.uleb128 0x12
 629 006b 06       		.uleb128 0x6
 630 006c 40       		.uleb128 0x40
 631 006d 18       		.uleb128 0x18
 632 006e 9742     		.uleb128 0x2117
 633 0070 19       		.uleb128 0x19
 634 0071 01       		.uleb128 0x1
 635 0072 13       		.uleb128 0x13
 636 0073 00       		.byte	0
 637 0074 00       		.byte	0
 638 0075 09       		.uleb128 0x9
 639 0076 898201   		.uleb128 0x4109
 640 0079 00       		.byte	0
 641 007a 11       		.uleb128 0x11
 642 007b 01       		.uleb128 0x1
 643 007c 31       		.uleb128 0x31
 644 007d 13       		.uleb128 0x13
 645 007e 00       		.byte	0
 646 007f 00       		.byte	0
 647 0080 0A       		.uleb128 0xa
ARM GAS  C:\Users\MATEOC~1.QUE\AppData\Local\Temp\ccdcWfhO.s 			page 14


 648 0081 2E       		.uleb128 0x2e
 649 0082 01       		.byte	0x1
 650 0083 3F       		.uleb128 0x3f
 651 0084 19       		.uleb128 0x19
 652 0085 03       		.uleb128 0x3
 653 0086 0E       		.uleb128 0xe
 654 0087 3A       		.uleb128 0x3a
 655 0088 0B       		.uleb128 0xb
 656 0089 3B       		.uleb128 0x3b
 657 008a 0B       		.uleb128 0xb
 658 008b 27       		.uleb128 0x27
 659 008c 19       		.uleb128 0x19
 660 008d 49       		.uleb128 0x49
 661 008e 13       		.uleb128 0x13
 662 008f 8701     		.uleb128 0x87
 663 0091 19       		.uleb128 0x19
 664 0092 11       		.uleb128 0x11
 665 0093 01       		.uleb128 0x1
 666 0094 12       		.uleb128 0x12
 667 0095 06       		.uleb128 0x6
 668 0096 40       		.uleb128 0x40
 669 0097 18       		.uleb128 0x18
 670 0098 9742     		.uleb128 0x2117
 671 009a 19       		.uleb128 0x19
 672 009b 01       		.uleb128 0x1
 673 009c 13       		.uleb128 0x13
 674 009d 00       		.byte	0
 675 009e 00       		.byte	0
 676 009f 0B       		.uleb128 0xb
 677 00a0 898201   		.uleb128 0x4109
 678 00a3 01       		.byte	0x1
 679 00a4 11       		.uleb128 0x11
 680 00a5 01       		.uleb128 0x1
 681 00a6 31       		.uleb128 0x31
 682 00a7 13       		.uleb128 0x13
 683 00a8 01       		.uleb128 0x1
 684 00a9 13       		.uleb128 0x13
 685 00aa 00       		.byte	0
 686 00ab 00       		.byte	0
 687 00ac 0C       		.uleb128 0xc
 688 00ad 8A8201   		.uleb128 0x410a
 689 00b0 00       		.byte	0
 690 00b1 02       		.uleb128 0x2
 691 00b2 18       		.uleb128 0x18
 692 00b3 9142     		.uleb128 0x2111
 693 00b5 18       		.uleb128 0x18
 694 00b6 00       		.byte	0
 695 00b7 00       		.byte	0
 696 00b8 0D       		.uleb128 0xd
 697 00b9 34       		.uleb128 0x34
 698 00ba 00       		.byte	0
 699 00bb 03       		.uleb128 0x3
 700 00bc 08       		.uleb128 0x8
 701 00bd 3A       		.uleb128 0x3a
 702 00be 0B       		.uleb128 0xb
 703 00bf 3B       		.uleb128 0x3b
 704 00c0 0B       		.uleb128 0xb
ARM GAS  C:\Users\MATEOC~1.QUE\AppData\Local\Temp\ccdcWfhO.s 			page 15


 705 00c1 49       		.uleb128 0x49
 706 00c2 13       		.uleb128 0x13
 707 00c3 00       		.byte	0
 708 00c4 00       		.byte	0
 709 00c5 0E       		.uleb128 0xe
 710 00c6 34       		.uleb128 0x34
 711 00c7 00       		.byte	0
 712 00c8 03       		.uleb128 0x3
 713 00c9 0E       		.uleb128 0xe
 714 00ca 3A       		.uleb128 0x3a
 715 00cb 0B       		.uleb128 0xb
 716 00cc 3B       		.uleb128 0x3b
 717 00cd 05       		.uleb128 0x5
 718 00ce 49       		.uleb128 0x49
 719 00cf 13       		.uleb128 0x13
 720 00d0 3F       		.uleb128 0x3f
 721 00d1 19       		.uleb128 0x19
 722 00d2 3C       		.uleb128 0x3c
 723 00d3 19       		.uleb128 0x19
 724 00d4 00       		.byte	0
 725 00d5 00       		.byte	0
 726 00d6 0F       		.uleb128 0xf
 727 00d7 35       		.uleb128 0x35
 728 00d8 00       		.byte	0
 729 00d9 49       		.uleb128 0x49
 730 00da 13       		.uleb128 0x13
 731 00db 00       		.byte	0
 732 00dc 00       		.byte	0
 733 00dd 10       		.uleb128 0x10
 734 00de 34       		.uleb128 0x34
 735 00df 00       		.byte	0
 736 00e0 03       		.uleb128 0x3
 737 00e1 0E       		.uleb128 0xe
 738 00e2 3A       		.uleb128 0x3a
 739 00e3 0B       		.uleb128 0xb
 740 00e4 3B       		.uleb128 0x3b
 741 00e5 0B       		.uleb128 0xb
 742 00e6 49       		.uleb128 0x49
 743 00e7 13       		.uleb128 0x13
 744 00e8 3F       		.uleb128 0x3f
 745 00e9 19       		.uleb128 0x19
 746 00ea 3C       		.uleb128 0x3c
 747 00eb 19       		.uleb128 0x19
 748 00ec 00       		.byte	0
 749 00ed 00       		.byte	0
 750 00ee 11       		.uleb128 0x11
 751 00ef 34       		.uleb128 0x34
 752 00f0 00       		.byte	0
 753 00f1 03       		.uleb128 0x3
 754 00f2 08       		.uleb128 0x8
 755 00f3 3A       		.uleb128 0x3a
 756 00f4 0B       		.uleb128 0xb
 757 00f5 3B       		.uleb128 0x3b
 758 00f6 0B       		.uleb128 0xb
 759 00f7 49       		.uleb128 0x49
 760 00f8 13       		.uleb128 0x13
 761 00f9 3F       		.uleb128 0x3f
ARM GAS  C:\Users\MATEOC~1.QUE\AppData\Local\Temp\ccdcWfhO.s 			page 16


 762 00fa 19       		.uleb128 0x19
 763 00fb 3C       		.uleb128 0x3c
 764 00fc 19       		.uleb128 0x19
 765 00fd 00       		.byte	0
 766 00fe 00       		.byte	0
 767 00ff 12       		.uleb128 0x12
 768 0100 2E       		.uleb128 0x2e
 769 0101 00       		.byte	0
 770 0102 3F       		.uleb128 0x3f
 771 0103 19       		.uleb128 0x19
 772 0104 3C       		.uleb128 0x3c
 773 0105 19       		.uleb128 0x19
 774 0106 6E       		.uleb128 0x6e
 775 0107 0E       		.uleb128 0xe
 776 0108 03       		.uleb128 0x3
 777 0109 0E       		.uleb128 0xe
 778 010a 3A       		.uleb128 0x3a
 779 010b 0B       		.uleb128 0xb
 780 010c 3B       		.uleb128 0x3b
 781 010d 0B       		.uleb128 0xb
 782 010e 00       		.byte	0
 783 010f 00       		.byte	0
 784 0110 00       		.byte	0
 785              		.section	.debug_aranges,"",%progbits
 786 0000 3C000000 		.4byte	0x3c
 787 0004 0200     		.2byte	0x2
 788 0006 00000000 		.4byte	.Ldebug_info0
 789 000a 04       		.byte	0x4
 790 000b 00       		.byte	0
 791 000c 0000     		.2byte	0
 792 000e 0000     		.2byte	0
 793 0010 00000000 		.4byte	.LFB65
 794 0014 14000000 		.4byte	.LFE65-.LFB65
 795 0018 00000000 		.4byte	.LFB67
 796 001c 2C000000 		.4byte	.LFE67-.LFB67
 797 0020 00000000 		.4byte	.LFB64
 798 0024 10000000 		.4byte	.LFE64-.LFB64
 799 0028 00000000 		.4byte	.LFB63
 800 002c 2C000000 		.4byte	.LFE63-.LFB63
 801 0030 00000000 		.4byte	.LFB66
 802 0034 10000000 		.4byte	.LFE66-.LFB66
 803 0038 00000000 		.4byte	0
 804 003c 00000000 		.4byte	0
 805              		.section	.debug_ranges,"",%progbits
 806              	.Ldebug_ranges0:
 807 0000 00000000 		.4byte	.LFB65
 808 0004 14000000 		.4byte	.LFE65
 809 0008 00000000 		.4byte	.LFB67
 810 000c 2C000000 		.4byte	.LFE67
 811 0010 00000000 		.4byte	.LFB64
 812 0014 10000000 		.4byte	.LFE64
 813 0018 00000000 		.4byte	.LFB63
 814 001c 2C000000 		.4byte	.LFE63
 815 0020 00000000 		.4byte	.LFB66
 816 0024 10000000 		.4byte	.LFE66
 817 0028 00000000 		.4byte	0
 818 002c 00000000 		.4byte	0
ARM GAS  C:\Users\MATEOC~1.QUE\AppData\Local\Temp\ccdcWfhO.s 			page 17


 819              		.section	.debug_line,"",%progbits
 820              	.Ldebug_line0:
 821 0000 11020000 		.section	.debug_str,"MS",%progbits,1
 821      0200AA01 
 821      00000201 
 821      FB0E0D00 
 821      01010101 
 822              	.LASF26:
 823 0000 73746174 		.ascii	"state\000"
 823      6500
 824              	.LASF9:
 825 0006 5F5F696E 		.ascii	"__int32_t\000"
 825      7433325F 
 825      7400
 826              	.LASF35:
 827 0010 6973725F 		.ascii	"isr_uart_StartEx\000"
 827      75617274 
 827      5F537461 
 827      72744578 
 827      00
 828              	.LASF33:
 829 0021 55415254 		.ascii	"UART_Start\000"
 829      5F537461 
 829      727400
 830              	.LASF23:
 831 002c 696E6974 		.ascii	"init\000"
 831      00
 832              	.LASF41:
 833 0031 433A5C55 		.ascii	"C:\\Users\\Mateo C. Querol\\Desktop\\speed_sensor.c"
 833      73657273 
 833      5C4D6174 
 833      656F2043 
 833      2E205175 
 834 0060 7964736E 		.ascii	"ydsn\000"
 834      00
 835              	.LASF12:
 836 0065 666C6F61 		.ascii	"float\000"
 836      7400
 837              	.LASF19:
 838 006b 53544154 		.ascii	"STATE_UART_TRANSFER\000"
 838      455F5541 
 838      52545F54 
 838      52414E53 
 838      46455200 
 839              	.LASF1:
 840 007f 756E7369 		.ascii	"unsigned char\000"
 840      676E6564 
 840      20636861 
 840      7200
 841              	.LASF39:
 842 008d 474E5520 		.ascii	"GNU C11 5.4.1 20160609 (release) [ARM/embedded-5-br"
 842      43313120 
 842      352E342E 
 842      31203230 
 842      31363036 
 843 00c0 616E6368 		.ascii	"anch revision 237715] -mcpu=cortex-m3 -mthumb -g -O"
 843      20726576 
ARM GAS  C:\Users\MATEOC~1.QUE\AppData\Local\Temp\ccdcWfhO.s 			page 18


 843      6973696F 
 843      6E203233 
 843      37373135 
 844 00f3 67202D66 		.ascii	"g -ffunction-sections -ffat-lto-objects\000"
 844      66756E63 
 844      74696F6E 
 844      2D736563 
 844      74696F6E 
 845              	.LASF17:
 846 011b 53544154 		.ascii	"STATE_IDLE\000"
 846      455F4944 
 846      4C4500
 847              	.LASF37:
 848 0126 4144435F 		.ascii	"ADC_IsEndConversion\000"
 848      4973456E 
 848      64436F6E 
 848      76657273 
 848      696F6E00 
 849              	.LASF3:
 850 013a 73686F72 		.ascii	"short unsigned int\000"
 850      7420756E 
 850      7369676E 
 850      65642069 
 850      6E7400
 851              	.LASF21:
 852 014d 6973725F 		.ascii	"isr_sampling_button\000"
 852      73616D70 
 852      6C696E67 
 852      5F627574 
 852      746F6E00 
 853              	.LASF13:
 854 0161 646F7562 		.ascii	"double\000"
 854      6C6500
 855              	.LASF38:
 856 0168 4144435F 		.ascii	"ADC_StopConvert\000"
 856      53746F70 
 856      436F6E76 
 856      65727400 
 857              	.LASF25:
 858 0178 49544D5F 		.ascii	"ITM_RxBuffer\000"
 858      52784275 
 858      66666572 
 858      00
 859              	.LASF22:
 860 0185 6973725F 		.ascii	"isr_uart_rx\000"
 860      75617274 
 860      5F727800 
 861              	.LASF32:
 862 0191 4441435F 		.ascii	"DAC_Start\000"
 862      53746172 
 862      7400
 863              	.LASF5:
 864 019b 6C6F6E67 		.ascii	"long unsigned int\000"
 864      20756E73 
 864      69676E65 
 864      6420696E 
 864      7400
ARM GAS  C:\Users\MATEOC~1.QUE\AppData\Local\Temp\ccdcWfhO.s 			page 19


 865              	.LASF2:
 866 01ad 73686F72 		.ascii	"short int\000"
 866      7420696E 
 866      7400
 867              	.LASF28:
 868 01b7 63686172 		.ascii	"charO\000"
 868      4F00
 869              	.LASF27:
 870 01bd 63686172 		.ascii	"charS\000"
 870      5300
 871              	.LASF8:
 872 01c3 756E7369 		.ascii	"unsigned int\000"
 872      676E6564 
 872      20696E74 
 872      00
 873              	.LASF29:
 874 01d0 42746E5F 		.ascii	"Btn_startSample_ClearInterrupt\000"
 874      73746172 
 874      7453616D 
 874      706C655F 
 874      436C6561 
 875              	.LASF7:
 876 01ef 6C6F6E67 		.ascii	"long long unsigned int\000"
 876      206C6F6E 
 876      6720756E 
 876      7369676E 
 876      65642069 
 877              	.LASF18:
 878 0206 53544154 		.ascii	"STATE_SAMPLING\000"
 878      455F5341 
 878      4D504C49 
 878      4E4700
 879              	.LASF31:
 880 0215 4144435F 		.ascii	"ADC_Start\000"
 880      53746172 
 880      7400
 881              	.LASF42:
 882 021f 6D61696E 		.ascii	"main\000"
 882      00
 883              	.LASF10:
 884 0224 696E7433 		.ascii	"int32_t\000"
 884      325F7400 
 885              	.LASF36:
 886 022c 73746174 		.ascii	"stateMachine\000"
 886      654D6163 
 886      68696E65 
 886      00
 887              	.LASF16:
 888 0239 73697A65 		.ascii	"sizetype\000"
 888      74797065 
 888      00
 889              	.LASF6:
 890 0242 6C6F6E67 		.ascii	"long long int\000"
 890      206C6F6E 
 890      6720696E 
 890      7400
 891              	.LASF40:
ARM GAS  C:\Users\MATEOC~1.QUE\AppData\Local\Temp\ccdcWfhO.s 			page 20


 892 0250 6D61696E 		.ascii	"main.c\000"
 892      2E6300
 893              	.LASF14:
 894 0257 63686172 		.ascii	"char\000"
 894      00
 895              	.LASF34:
 896 025c 6973725F 		.ascii	"isr_btn_StartEx\000"
 896      62746E5F 
 896      53746172 
 896      74457800 
 897              	.LASF20:
 898 026c 53544154 		.ascii	"STATE_t\000"
 898      455F7400 
 899              	.LASF11:
 900 0274 75696E74 		.ascii	"uint8\000"
 900      3800
 901              	.LASF4:
 902 027a 6C6F6E67 		.ascii	"long int\000"
 902      20696E74 
 902      00
 903              	.LASF15:
 904 0283 6C6F6E67 		.ascii	"long double\000"
 904      20646F75 
 904      626C6500 
 905              	.LASF0:
 906 028f 7369676E 		.ascii	"signed char\000"
 906      65642063 
 906      68617200 
 907              	.LASF24:
 908 029b 6973725F 		.ascii	"isr_adc_eoc\000"
 908      6164635F 
 908      656F6300 
 909              	.LASF30:
 910 02a7 55415254 		.ascii	"UART_GetChar\000"
 910      5F476574 
 910      43686172 
 910      00
 911              		.ident	"GCC: (GNU Tools for ARM Embedded Processors) 5.4.1 20160609 (release) [ARM/embedded-5-bran
